[0.134s] Invoking command in '/ros_test/build/turtlesim': CMAKE_PREFIX_PATH=${CMAKE_PREFIX_PATH}:/opt/ros/foxy /usr/bin/cmake /ros_test/ros_tutorials/turtlesim -DAMENT_CMAKE_SYMLINK_INSTALL=1 -DCMAKE_INSTALL_PREFIX=/ros_test/install/turtlesim
[1.175s] -- The C compiler identification is GNU 9.4.0
[1.658s] -- The CXX compiler identification is GNU 9.4.0
[1.768s] -- Check for working C compiler: /usr/bin/cc
[3.394s] -- Check for working C compiler: /usr/bin/cc -- works
[3.398s] -- Detecting C compiler ABI info
[4.796s] -- Detecting C compiler ABI info - done
[4.839s] -- Detecting C compile features
[4.840s] -- Detecting C compile features - done
[4.901s] -- Check for working CXX compiler: /usr/bin/c++
[6.415s] -- Check for working CXX compiler: /usr/bin/c++ -- works
[6.425s] -- Detecting CXX compiler ABI info
[7.937s] -- Detecting CXX compiler ABI info - done
[7.958s] -- Detecting CXX compile features
[7.959s] -- Detecting CXX compile features - done
[8.031s] -- Found ament_cmake: 0.9.12 (/opt/ros/foxy/share/ament_cmake/cmake)
[8.213s] -- Found PythonInterp: /usr/bin/python3 (found suitable version "3.8.10", minimum required is "3") 
[8.213s] -- Using PYTHON_EXECUTABLE: /usr/bin/python3
[8.772s] -- Override CMake install command with custom implementation using symlinks instead of copying resources
[9.480s] -- Found ament_index_cpp: 1.1.0 (/opt/ros/foxy/share/ament_index_cpp/cmake)
[9.511s] -- Found geometry_msgs: 2.0.5 (/opt/ros/foxy/share/geometry_msgs/cmake)
[9.743s] -- Using all available rosidl_typesupport_c: rosidl_typesupport_fastrtps_c;rosidl_typesupport_introspection_c
[10.007s] -- Found rosidl_adapter: 1.3.1 (/opt/ros/foxy/share/rosidl_adapter/cmake)
[10.939s] -- Found OpenSSL: /usr/lib/x86_64-linux-gnu/libcrypto.so (found version "1.1.1f")  
[11.038s] -- Found FastRTPS: /opt/ros/foxy/include  
[11.368s] -- Using all available rosidl_typesupport_cpp: rosidl_typesupport_fastrtps_cpp;rosidl_typesupport_introspection_cpp
[11.542s] -- Found rclcpp: 2.4.3 (/opt/ros/foxy/share/rclcpp/cmake)
[11.838s] -- Found rmw_implementation_cmake: 1.0.4 (/opt/ros/foxy/share/rmw_implementation_cmake/cmake)
[11.850s] -- Using RMW implementation 'rmw_fastrtps_cpp' as default
[11.956s] -- Looking for pthread.h
[13.298s] -- Looking for pthread.h - found
[13.306s] -- Performing Test CMAKE_HAVE_LIBC_PTHREAD
[14.780s] -- Performing Test CMAKE_HAVE_LIBC_PTHREAD - Failed
[14.783s] -- Looking for pthread_create in pthreads
[16.170s] -- Looking for pthread_create in pthreads - not found
[16.176s] -- Looking for pthread_create in pthread
[17.539s] -- Looking for pthread_create in pthread - found
[17.542s] -- Found Threads: TRUE  
[17.841s] -- Found rclcpp_action: 2.4.3 (/opt/ros/foxy/share/rclcpp_action/cmake)
[18.006s] -- Found rosidl_default_generators: 1.0.1 (/opt/ros/foxy/share/rosidl_default_generators/cmake)
[18.067s] -- Found std_srvs: 2.0.5 (/opt/ros/foxy/share/std_srvs/cmake)
[18.568s] -- Found PythonInterp: /usr/bin/python3 (found version "3.8.10") 
[20.949s] -- Found ament_cmake_ros: 0.9.2 (/opt/ros/foxy/share/ament_cmake_ros/cmake)
[23.098s] -- Using all available rosidl_typesupport_c: rosidl_typesupport_fastrtps_c;rosidl_typesupport_introspection_c
[24.197s] -- Using all available rosidl_typesupport_cpp: rosidl_typesupport_fastrtps_cpp;rosidl_typesupport_introspection_cpp
[24.367s] -- Found PythonInterp: /usr/bin/python3 (found suitable version "3.8.10", minimum required is "3.5") 
[24.404s] -- Found python_cmake_module: 0.8.1 (/opt/ros/foxy/share/python_cmake_module/cmake)
[24.553s] -- Found PythonLibs: /usr/lib/x86_64-linux-gnu/libpython3.8.so (found suitable version "3.8.10", minimum required is "3.5") 
[24.554s] -- Using PYTHON_EXECUTABLE: /usr/bin/python3
[24.554s] -- Using PYTHON_INCLUDE_DIRS: /usr/include/python3.8
[24.555s] -- Using PYTHON_LIBRARIES: /usr/lib/x86_64-linux-gnu/libpython3.8.so
[24.649s] -- Found PythonExtra: .so  
[28.278s] -- Configuring done
[34.912s] -- Generating done
[36.368s] -- Build files have been written to: /ros_test/build/turtlesim
[36.386s] Invoked command in '/ros_test/build/turtlesim' returned '0': CMAKE_PREFIX_PATH=${CMAKE_PREFIX_PATH}:/opt/ros/foxy /usr/bin/cmake /ros_test/ros_tutorials/turtlesim -DAMENT_CMAKE_SYMLINK_INSTALL=1 -DCMAKE_INSTALL_PREFIX=/ros_test/install/turtlesim
[36.458s] Invoking command in '/ros_test/build/turtlesim': CMAKE_PREFIX_PATH=${CMAKE_PREFIX_PATH}:/opt/ros/foxy /usr/bin/cmake --build /ros_test/build/turtlesim -- -j20 -l20
[37.744s] [35m[1mScanning dependencies of target turtlesim__cpp[0m
[37.820s] [  1%] [34m[1mGenerating C code for ROS interfaces[0m
[38.214s] [  2%] [34m[1mGenerating C++ code for ROS interfaces[0m
[41.011s] [  2%] Built target turtlesim__cpp
[41.048s] [35m[1mScanning dependencies of target turtlesim__rosidl_generator_c[0m
[41.238s] [  4%] [34m[1mGenerating C++ type support dispatch for ROS interfaces[0m
[41.244s] [  4%] [34m[1mGenerating C++ introspection for ROS interfaces[0m
[41.368s] [  5%] [34m[1mGenerating C++ type support for eProsima Fast-RTPS[0m
[42.494s] [35m[1mScanning dependencies of target turtlesim__rosidl_typesupport_cpp[0m
[42.970s] [  7%] [32mBuilding C object CMakeFiles/turtlesim__rosidl_generator_c.dir/rosidl_generator_c/turtlesim/action/detail/rotate_absolute__functions.c.o[0m
[42.978s] [  7%] [32mBuilding C object CMakeFiles/turtlesim__rosidl_generator_c.dir/rosidl_generator_c/turtlesim/msg/detail/color__functions.c.o[0m
[43.000s] [  8%] [32mBuilding C object CMakeFiles/turtlesim__rosidl_generator_c.dir/rosidl_generator_c/turtlesim/msg/detail/pose__functions.c.o[0m
[43.024s] [35m[1mScanning dependencies of target turtlesim__rosidl_typesupport_introspection_cpp[0m
[43.080s] [  9%] [32mBuilding C object CMakeFiles/turtlesim__rosidl_generator_c.dir/rosidl_generator_c/turtlesim/srv/detail/kill__functions.c.o[0m
[43.110s] [ 10%] [32mBuilding C object CMakeFiles/turtlesim__rosidl_generator_c.dir/rosidl_generator_c/turtlesim/srv/detail/set_pen__functions.c.o[0m
[43.159s] [ 11%] [32mBuilding C object CMakeFiles/turtlesim__rosidl_generator_c.dir/rosidl_generator_c/turtlesim/srv/detail/spawn__functions.c.o[0m
[43.203s] [ 12%] [32mBuilding C object CMakeFiles/turtlesim__rosidl_generator_c.dir/rosidl_generator_c/turtlesim/srv/detail/teleport_absolute__functions.c.o[0m
[43.274s] [ 13%] [32mBuilding C object CMakeFiles/turtlesim__rosidl_generator_c.dir/rosidl_generator_c/turtlesim/srv/detail/teleport_relative__functions.c.o[0m
[43.747s] [35m[1mScanning dependencies of target turtlesim__rosidl_typesupport_fastrtps_cpp[0m
[44.476s] [ 14%] [32m[1mLinking C shared library libturtlesim__rosidl_generator_c.so[0m
[44.824s] [ 16%] [32mBuilding CXX object CMakeFiles/turtlesim__rosidl_typesupport_cpp.dir/rosidl_typesupport_cpp/turtlesim/action/rotate_absolute__type_support.cpp.o[0m
[44.840s] [ 16%] [32mBuilding CXX object CMakeFiles/turtlesim__rosidl_typesupport_cpp.dir/rosidl_typesupport_cpp/turtlesim/msg/color__type_support.cpp.o[0m
[44.883s] [ 17%] [32mBuilding CXX object CMakeFiles/turtlesim__rosidl_typesupport_cpp.dir/rosidl_typesupport_cpp/turtlesim/msg/pose__type_support.cpp.o[0m
[44.982s] [ 19%] [32mBuilding CXX object CMakeFiles/turtlesim__rosidl_typesupport_cpp.dir/rosidl_typesupport_cpp/turtlesim/srv/kill__type_support.cpp.o[0m
[44.992s] [ 19%] [32mBuilding CXX object CMakeFiles/turtlesim__rosidl_typesupport_cpp.dir/rosidl_typesupport_cpp/turtlesim/srv/set_pen__type_support.cpp.o[0m
[45.036s] [ 20%] [32mBuilding CXX object CMakeFiles/turtlesim__rosidl_typesupport_cpp.dir/rosidl_typesupport_cpp/turtlesim/srv/spawn__type_support.cpp.o[0m
[45.059s] [ 21%] [32mBuilding CXX object CMakeFiles/turtlesim__rosidl_typesupport_cpp.dir/rosidl_typesupport_cpp/turtlesim/srv/teleport_absolute__type_support.cpp.o[0m
[45.089s] [ 22%] [32mBuilding CXX object CMakeFiles/turtlesim__rosidl_typesupport_cpp.dir/rosidl_typesupport_cpp/turtlesim/srv/teleport_relative__type_support.cpp.o[0m
[45.815s] [ 22%] Built target turtlesim__rosidl_generator_c
[45.881s] [ 24%] [32mBuilding CXX object CMakeFiles/turtlesim__rosidl_typesupport_introspection_cpp.dir/rosidl_typesupport_introspection_cpp/turtlesim/action/detail/rotate_absolute__type_support.cpp.o[0m
[45.884s] [ 24%] [32mBuilding CXX object CMakeFiles/turtlesim__rosidl_typesupport_introspection_cpp.dir/rosidl_typesupport_introspection_cpp/turtlesim/msg/detail/color__type_support.cpp.o[0m
[45.930s] [ 25%] [32mBuilding CXX object CMakeFiles/turtlesim__rosidl_typesupport_introspection_cpp.dir/rosidl_typesupport_introspection_cpp/turtlesim/msg/detail/pose__type_support.cpp.o[0m
[45.980s] [ 26%] [32mBuilding CXX object CMakeFiles/turtlesim__rosidl_typesupport_introspection_cpp.dir/rosidl_typesupport_introspection_cpp/turtlesim/srv/detail/kill__type_support.cpp.o[0m
[45.997s] [ 27%] [32mBuilding CXX object CMakeFiles/turtlesim__rosidl_typesupport_introspection_cpp.dir/rosidl_typesupport_introspection_cpp/turtlesim/srv/detail/set_pen__type_support.cpp.o[0m
[46.018s] [ 29%] [34m[1mGenerating C introspection for ROS interfaces[0m
[46.022s] [ 29%] [32mBuilding CXX object CMakeFiles/turtlesim__rosidl_typesupport_introspection_cpp.dir/rosidl_typesupport_introspection_cpp/turtlesim/srv/detail/spawn__type_support.cpp.o[0m
[46.034s] [ 30%] [34m[1mGenerating C type support dispatch for ROS interfaces[0m
[46.059s] [ 31%] [32mBuilding CXX object CMakeFiles/turtlesim__rosidl_typesupport_introspection_cpp.dir/rosidl_typesupport_introspection_cpp/turtlesim/srv/detail/teleport_absolute__type_support.cpp.o[0m
[46.089s] [ 32%] [32mBuilding CXX object CMakeFiles/turtlesim__rosidl_typesupport_introspection_cpp.dir/rosidl_typesupport_introspection_cpp/turtlesim/srv/detail/teleport_relative__type_support.cpp.o[0m
[46.223s] [ 33%] [32m[1mLinking CXX shared library libturtlesim__rosidl_typesupport_cpp.so[0m
[47.046s] [ 33%] Built target turtlesim__rosidl_typesupport_cpp
[47.223s] [35m[1mScanning dependencies of target turtlesim__rosidl_typesupport_c[0m
[47.336s] [ 34%] [32m[1mLinking CXX shared library libturtlesim__rosidl_typesupport_introspection_cpp.so[0m
[47.949s] [ 35%] [32mBuilding CXX object CMakeFiles/turtlesim__rosidl_typesupport_fastrtps_cpp.dir/rosidl_typesupport_fastrtps_cpp/turtlesim/action/detail/dds_fastrtps/rotate_absolute__type_support.cpp.o[0m
[47.966s] [ 36%] [32mBuilding CXX object CMakeFiles/turtlesim__rosidl_typesupport_fastrtps_cpp.dir/rosidl_typesupport_fastrtps_cpp/turtlesim/msg/detail/dds_fastrtps/color__type_support.cpp.o[0m
[48.073s] [ 37%] [32mBuilding CXX object CMakeFiles/turtlesim__rosidl_typesupport_fastrtps_cpp.dir/rosidl_typesupport_fastrtps_cpp/turtlesim/msg/detail/dds_fastrtps/pose__type_support.cpp.o[0m
[48.122s] [ 38%] [32mBuilding CXX object CMakeFiles/turtlesim__rosidl_typesupport_fastrtps_cpp.dir/rosidl_typesupport_fastrtps_cpp/turtlesim/srv/detail/dds_fastrtps/kill__type_support.cpp.o[0m
[48.131s] [35m[1mScanning dependencies of target turtlesim__rosidl_typesupport_introspection_c[0m
[48.168s] [ 39%] [32mBuilding CXX object CMakeFiles/turtlesim__rosidl_typesupport_fastrtps_cpp.dir/rosidl_typesupport_fastrtps_cpp/turtlesim/srv/detail/dds_fastrtps/set_pen__type_support.cpp.o[0m
[48.241s] [ 40%] [32mBuilding CXX object CMakeFiles/turtlesim__rosidl_typesupport_fastrtps_cpp.dir/rosidl_typesupport_fastrtps_cpp/turtlesim/srv/detail/dds_fastrtps/spawn__type_support.cpp.o[0m
[48.289s] [ 41%] [32mBuilding CXX object CMakeFiles/turtlesim__rosidl_typesupport_fastrtps_cpp.dir/rosidl_typesupport_fastrtps_cpp/turtlesim/srv/detail/dds_fastrtps/teleport_absolute__type_support.cpp.o[0m
[48.342s] [ 42%] [32mBuilding CXX object CMakeFiles/turtlesim__rosidl_typesupport_fastrtps_cpp.dir/rosidl_typesupport_fastrtps_cpp/turtlesim/srv/detail/dds_fastrtps/teleport_relative__type_support.cpp.o[0m
[49.184s] [ 42%] Built target turtlesim__rosidl_typesupport_introspection_cpp
[49.657s] [ 44%] [32mBuilding CXX object CMakeFiles/turtlesim__rosidl_typesupport_c.dir/rosidl_typesupport_c/turtlesim/msg/color__type_support.cpp.o[0m
[49.660s] [ 44%] [32mBuilding CXX object CMakeFiles/turtlesim__rosidl_typesupport_c.dir/rosidl_typesupport_c/turtlesim/action/rotate_absolute__type_support.cpp.o[0m
[49.702s] [ 45%] [32mBuilding CXX object CMakeFiles/turtlesim__rosidl_typesupport_c.dir/rosidl_typesupport_c/turtlesim/msg/pose__type_support.cpp.o[0m
[49.742s] [ 46%] [32mBuilding CXX object CMakeFiles/turtlesim__rosidl_typesupport_c.dir/rosidl_typesupport_c/turtlesim/srv/kill__type_support.cpp.o[0m
[49.761s] [ 47%] [32mBuilding CXX object CMakeFiles/turtlesim__rosidl_typesupport_c.dir/rosidl_typesupport_c/turtlesim/srv/set_pen__type_support.cpp.o[0m
[49.784s] [ 48%] [32mBuilding CXX object CMakeFiles/turtlesim__rosidl_typesupport_c.dir/rosidl_typesupport_c/turtlesim/srv/spawn__type_support.cpp.o[0m
[49.813s] [ 49%] [32mBuilding CXX object CMakeFiles/turtlesim__rosidl_typesupport_c.dir/rosidl_typesupport_c/turtlesim/srv/teleport_absolute__type_support.cpp.o[0m
[49.830s] [ 50%] [32mBuilding CXX object CMakeFiles/turtlesim__rosidl_typesupport_c.dir/rosidl_typesupport_c/turtlesim/srv/teleport_relative__type_support.cpp.o[0m
[50.446s] [ 51%] [32m[1mLinking CXX shared library libturtlesim__rosidl_typesupport_c.so[0m
[50.468s] [ 52%] [32m[1mLinking CXX shared library libturtlesim__rosidl_typesupport_fastrtps_cpp.so[0m
[50.644s] [ 53%] [32mBuilding C object CMakeFiles/turtlesim__rosidl_typesupport_introspection_c.dir/rosidl_typesupport_introspection_c/turtlesim/action/detail/rotate_absolute__type_support.c.o[0m
[50.655s] [ 54%] [32mBuilding C object CMakeFiles/turtlesim__rosidl_typesupport_introspection_c.dir/rosidl_typesupport_introspection_c/turtlesim/msg/detail/color__type_support.c.o[0m
[50.680s] [ 55%] [32mBuilding C object CMakeFiles/turtlesim__rosidl_typesupport_introspection_c.dir/rosidl_typesupport_introspection_c/turtlesim/msg/detail/pose__type_support.c.o[0m
[50.723s] [ 56%] [32mBuilding C object CMakeFiles/turtlesim__rosidl_typesupport_introspection_c.dir/rosidl_typesupport_introspection_c/turtlesim/srv/detail/kill__type_support.c.o[0m
[50.779s] [ 57%] [32mBuilding C object CMakeFiles/turtlesim__rosidl_typesupport_introspection_c.dir/rosidl_typesupport_introspection_c/turtlesim/srv/detail/set_pen__type_support.c.o[0m
[50.836s] [ 58%] [32mBuilding C object CMakeFiles/turtlesim__rosidl_typesupport_introspection_c.dir/rosidl_typesupport_introspection_c/turtlesim/srv/detail/spawn__type_support.c.o[0m
[50.907s] [ 59%] [32mBuilding C object CMakeFiles/turtlesim__rosidl_typesupport_introspection_c.dir/rosidl_typesupport_introspection_c/turtlesim/srv/detail/teleport_absolute__type_support.c.o[0m
[50.964s] [ 60%] [32mBuilding C object CMakeFiles/turtlesim__rosidl_typesupport_introspection_c.dir/rosidl_typesupport_introspection_c/turtlesim/srv/detail/teleport_relative__type_support.c.o[0m
[51.363s] [ 60%] Built target turtlesim__rosidl_typesupport_c
[51.606s] [ 60%] Built target turtlesim__rosidl_typesupport_fastrtps_cpp
[51.651s] [ 61%] [32m[1mLinking C shared library libturtlesim__rosidl_typesupport_introspection_c.so[0m
[51.700s] [ 62%] [34m[1mGenerating C type support for eProsima Fast-RTPS[0m
[51.963s] [ 62%] Built target turtlesim__rosidl_typesupport_introspection_c
[54.009s] [35m[1mScanning dependencies of target turtlesim__rosidl_typesupport_fastrtps_c[0m
[55.582s] [ 63%] [32mBuilding CXX object CMakeFiles/turtlesim__rosidl_typesupport_fastrtps_c.dir/rosidl_typesupport_fastrtps_c/turtlesim/action/detail/rotate_absolute__type_support_c.cpp.o[0m
[55.598s] [ 64%] [32mBuilding CXX object CMakeFiles/turtlesim__rosidl_typesupport_fastrtps_c.dir/rosidl_typesupport_fastrtps_c/turtlesim/msg/detail/color__type_support_c.cpp.o[0m
[55.669s] [ 65%] [32mBuilding CXX object CMakeFiles/turtlesim__rosidl_typesupport_fastrtps_c.dir/rosidl_typesupport_fastrtps_c/turtlesim/msg/detail/pose__type_support_c.cpp.o[0m
[55.707s] [ 66%] [32mBuilding CXX object CMakeFiles/turtlesim__rosidl_typesupport_fastrtps_c.dir/rosidl_typesupport_fastrtps_c/turtlesim/srv/detail/kill__type_support_c.cpp.o[0m
[55.814s] [ 67%] [32mBuilding CXX object CMakeFiles/turtlesim__rosidl_typesupport_fastrtps_c.dir/rosidl_typesupport_fastrtps_c/turtlesim/srv/detail/set_pen__type_support_c.cpp.o[0m
[55.866s] [ 68%] [32mBuilding CXX object CMakeFiles/turtlesim__rosidl_typesupport_fastrtps_c.dir/rosidl_typesupport_fastrtps_c/turtlesim/srv/detail/spawn__type_support_c.cpp.o[0m
[56.014s] [ 69%] [32mBuilding CXX object CMakeFiles/turtlesim__rosidl_typesupport_fastrtps_c.dir/rosidl_typesupport_fastrtps_c/turtlesim/srv/detail/teleport_absolute__type_support_c.cpp.o[0m
[56.069s] [ 70%] [32mBuilding CXX object CMakeFiles/turtlesim__rosidl_typesupport_fastrtps_c.dir/rosidl_typesupport_fastrtps_c/turtlesim/srv/detail/teleport_relative__type_support_c.cpp.o[0m
[58.104s] [ 71%] [32m[1mLinking CXX shared library libturtlesim__rosidl_typesupport_fastrtps_c.so[0m
[58.852s] [ 71%] Built target turtlesim__rosidl_typesupport_fastrtps_c
[59.054s] [35m[1mScanning dependencies of target turtlesim[0m
[59.397s] [ 71%] Built target turtlesim
[59.476s] [35m[1mScanning dependencies of target turtle_teleop_key[0m
[59.479s] [35m[1mScanning dependencies of target mimic[0m
[59.510s] [35m[1mScanning dependencies of target draw_square[0m
[59.570s] [35m[1mScanning dependencies of target turtlesim__py[0m
[59.760s] [ 72%] [34m[1mGenerating include/turtlesim/moc_turtle_frame.cpp[0m
[59.854s] [ 73%] [34m[1mGenerating Python code for ROS interfaces[0m
[59.915s] [35m[1mScanning dependencies of target turtlesim_node[0m
[61.861s] [ 74%] [32mBuilding CXX object CMakeFiles/mimic.dir/tutorials/mimic.cpp.o[0m
[61.893s] [ 75%] [32mBuilding CXX object CMakeFiles/draw_square.dir/tutorials/draw_square.cpp.o[0m
[62.855s] [ 76%] [32mBuilding CXX object CMakeFiles/turtle_teleop_key.dir/tutorials/teleop_turtle_key.cpp.o[0m
[62.886s] [ 76%] Built target turtlesim__py
[63.487s] [35m[1mScanning dependencies of target turtlesim__python[0m
[66.255s] [ 79%] [32mBuilding CXX object CMakeFiles/turtlesim_node.dir/src/turtlesim.cpp.o[0m
[66.260s] [ 79%] [32mBuilding CXX object CMakeFiles/turtlesim_node.dir/src/turtle.cpp.o[0m
[66.262s] [ 79%] [32mBuilding CXX object CMakeFiles/turtlesim_node.dir/src/turtle_frame.cpp.o[0m
[66.294s] [ 80%] [32mBuilding CXX object CMakeFiles/turtlesim_node.dir/include/turtlesim/moc_turtle_frame.cpp.o[0m
[66.433s] [ 81%] [32mBuilding C object CMakeFiles/turtlesim__python.dir/rosidl_generator_py/turtlesim/action/_rotate_absolute_s.c.o[0m
[66.456s] [ 82%] [32mBuilding C object CMakeFiles/turtlesim__python.dir/rosidl_generator_py/turtlesim/msg/_color_s.c.o[0m
[66.507s] [ 83%] [32mBuilding C object CMakeFiles/turtlesim__python.dir/rosidl_generator_py/turtlesim/msg/_pose_s.c.o[0m
[66.544s] [ 84%] [32mBuilding C object CMakeFiles/turtlesim__python.dir/rosidl_generator_py/turtlesim/srv/_kill_s.c.o[0m
[66.561s] [ 85%] [32mBuilding C object CMakeFiles/turtlesim__python.dir/rosidl_generator_py/turtlesim/srv/_set_pen_s.c.o[0m
[66.593s] [ 86%] [32mBuilding C object CMakeFiles/turtlesim__python.dir/rosidl_generator_py/turtlesim/srv/_spawn_s.c.o[0m
[66.625s] [ 87%] [32mBuilding C object CMakeFiles/turtlesim__python.dir/rosidl_generator_py/turtlesim/srv/_teleport_absolute_s.c.o[0m
[66.644s] [ 88%] [32mBuilding C object CMakeFiles/turtlesim__python.dir/rosidl_generator_py/turtlesim/srv/_teleport_relative_s.c.o[0m
[67.721s] [ 89%] [32m[1mLinking C shared library rosidl_generator_py/turtlesim/libturtlesim__python.so[0m
[69.088s] [ 89%] Built target turtlesim__python
[69.203s] [35m[1mScanning dependencies of target turtlesim__rosidl_typesupport_c__pyext[0m
[69.209s] [35m[1mScanning dependencies of target turtlesim__rosidl_typesupport_fastrtps_c__pyext[0m
[69.236s] [35m[1mScanning dependencies of target turtlesim__rosidl_typesupport_introspection_c__pyext[0m
[69.537s] [ 90%] [32m[1mLinking CXX executable turtle_teleop_key[0m
[69.593s] [ 91%] [32m[1mLinking CXX executable mimic[0m
[71.357s] [ 92%] [32mBuilding C object CMakeFiles/turtlesim__rosidl_typesupport_c__pyext.dir/rosidl_generator_py/turtlesim/_turtlesim_s.ep.rosidl_typesupport_c.c.o[0m
[71.431s] [ 93%] [32m[1mLinking CXX executable draw_square[0m
[71.772s] [ 94%] [32mBuilding C object CMakeFiles/turtlesim__rosidl_typesupport_introspection_c__pyext.dir/rosidl_generator_py/turtlesim/_turtlesim_s.ep.rosidl_typesupport_introspection_c.c.o[0m
[72.304s] [ 95%] [32mBuilding C object CMakeFiles/turtlesim__rosidl_typesupport_fastrtps_c__pyext.dir/rosidl_generator_py/turtlesim/_turtlesim_s.ep.rosidl_typesupport_fastrtps_c.c.o[0m
[74.728s] [ 96%] [32m[1mLinking C shared library rosidl_generator_py/turtlesim/turtlesim_s__rosidl_typesupport_c.cpython-38-x86_64-linux-gnu.so[0m
[75.006s] [ 97%] [32m[1mLinking C shared library rosidl_generator_py/turtlesim/turtlesim_s__rosidl_typesupport_introspection_c.cpython-38-x86_64-linux-gnu.so[0m
[76.264s] [ 97%] Built target turtlesim__rosidl_typesupport_c__pyext
[76.507s] [ 97%] Built target turtlesim__rosidl_typesupport_introspection_c__pyext
[76.961s] [ 98%] [32m[1mLinking CXX shared library rosidl_generator_py/turtlesim/turtlesim_s__rosidl_typesupport_fastrtps_c.cpython-38-x86_64-linux-gnu.so[0m
[79.384s] [ 98%] Built target turtlesim__rosidl_typesupport_fastrtps_c__pyext
[79.927s] [100%] [32m[1mLinking CXX executable turtlesim_node[0m
[80.832s] [100%] Built target turtle_teleop_key
[81.950s] [100%] Built target mimic
[82.835s] [100%] Built target draw_square
[89.726s] [100%] Built target turtlesim_node
[90.081s] Invoked command in '/ros_test/build/turtlesim' returned '0': CMAKE_PREFIX_PATH=${CMAKE_PREFIX_PATH}:/opt/ros/foxy /usr/bin/cmake --build /ros_test/build/turtlesim -- -j20 -l20
[96.023s] Invoking command in '/ros_test/build/turtlesim': CMAKE_PREFIX_PATH=${CMAKE_PREFIX_PATH}:/opt/ros/foxy /usr/bin/cmake --install /ros_test/build/turtlesim
[96.110s] -- Install configuration: ""
[96.114s] -- Execute custom install script
[96.143s] -- Symlinking: /ros_test/install/turtlesim/share/ament_index/resource_index/rosidl_interfaces/turtlesim
[96.444s] -- Symlinking: /ros_test/install/turtlesim/include/turtlesim/action/detail/rotate_absolute__functions.h
[96.586s] -- Symlinking: /ros_test/install/turtlesim/include/turtlesim/action/detail/rotate_absolute__struct.h
[96.720s] -- Symlinking: /ros_test/install/turtlesim/include/turtlesim/action/detail/rotate_absolute__type_support.h
[97.024s] -- Symlinking: /ros_test/install/turtlesim/include/turtlesim/action/rotate_absolute.h
[97.207s] -- Symlinking: /ros_test/install/turtlesim/include/turtlesim/msg/color.h
[97.339s] -- Symlinking: /ros_test/install/turtlesim/include/turtlesim/msg/detail/color__functions.h
[97.464s] -- Symlinking: /ros_test/install/turtlesim/include/turtlesim/msg/detail/color__struct.h
[97.624s] -- Symlinking: /ros_test/install/turtlesim/include/turtlesim/msg/detail/color__type_support.h
[97.862s] -- Symlinking: /ros_test/install/turtlesim/include/turtlesim/msg/detail/pose__functions.h
[98.017s] -- Symlinking: /ros_test/install/turtlesim/include/turtlesim/msg/detail/pose__struct.h
[98.174s] -- Symlinking: /ros_test/install/turtlesim/include/turtlesim/msg/detail/pose__type_support.h
[98.325s] -- Symlinking: /ros_test/install/turtlesim/include/turtlesim/msg/pose.h
[98.458s] -- Symlinking: /ros_test/install/turtlesim/include/turtlesim/msg/rosidl_generator_c__visibility_control.h
[98.678s] -- Symlinking: /ros_test/install/turtlesim/include/turtlesim/srv/detail/kill__functions.h
[98.876s] -- Symlinking: /ros_test/install/turtlesim/include/turtlesim/srv/detail/kill__struct.h
[99.000s] -- Symlinking: /ros_test/install/turtlesim/include/turtlesim/srv/detail/kill__type_support.h
[99.166s] -- Symlinking: /ros_test/install/turtlesim/include/turtlesim/srv/detail/set_pen__functions.h
[99.303s] -- Symlinking: /ros_test/install/turtlesim/include/turtlesim/srv/detail/set_pen__struct.h
[99.423s] -- Symlinking: /ros_test/install/turtlesim/include/turtlesim/srv/detail/set_pen__type_support.h
[99.651s] -- Symlinking: /ros_test/install/turtlesim/include/turtlesim/srv/detail/spawn__functions.h
[99.807s] -- Symlinking: /ros_test/install/turtlesim/include/turtlesim/srv/detail/spawn__struct.h
[99.944s] -- Symlinking: /ros_test/install/turtlesim/include/turtlesim/srv/detail/spawn__type_support.h
[100.111s] -- Symlinking: /ros_test/install/turtlesim/include/turtlesim/srv/detail/teleport_absolute__functions.h
[100.259s] -- Symlinking: /ros_test/install/turtlesim/include/turtlesim/srv/detail/teleport_absolute__struct.h
[100.411s] -- Symlinking: /ros_test/install/turtlesim/include/turtlesim/srv/detail/teleport_absolute__type_support.h
[100.532s] -- Symlinking: /ros_test/install/turtlesim/include/turtlesim/srv/detail/teleport_relative__functions.h
[100.671s] -- Symlinking: /ros_test/install/turtlesim/include/turtlesim/srv/detail/teleport_relative__struct.h
[100.796s] -- Symlinking: /ros_test/install/turtlesim/include/turtlesim/srv/detail/teleport_relative__type_support.h
[100.931s] -- Symlinking: /ros_test/install/turtlesim/include/turtlesim/srv/kill.h
[101.054s] -- Symlinking: /ros_test/install/turtlesim/include/turtlesim/srv/set_pen.h
[101.212s] -- Symlinking: /ros_test/install/turtlesim/include/turtlesim/srv/spawn.h
[101.437s] -- Symlinking: /ros_test/install/turtlesim/include/turtlesim/srv/teleport_absolute.h
[101.606s] -- Symlinking: /ros_test/install/turtlesim/include/turtlesim/srv/teleport_relative.h
[101.759s] -- Symlinking: /ros_test/install/turtlesim/share/turtlesim/environment/library_path.sh
[101.896s] -- Symlinking: /ros_test/install/turtlesim/share/turtlesim/environment/library_path.dsv
[102.289s] -- Symlinking: /ros_test/install/turtlesim/include/turtlesim/action/detail/rotate_absolute__rosidl_typesupport_fastrtps_c.h
[102.447s] -- Symlinking: /ros_test/install/turtlesim/include/turtlesim/msg/detail/color__rosidl_typesupport_fastrtps_c.h
[102.581s] -- Symlinking: /ros_test/install/turtlesim/include/turtlesim/msg/detail/pose__rosidl_typesupport_fastrtps_c.h
[102.713s] -- Symlinking: /ros_test/install/turtlesim/include/turtlesim/msg/rosidl_typesupport_fastrtps_c__visibility_control.h
[102.846s] -- Symlinking: /ros_test/install/turtlesim/include/turtlesim/srv/detail/kill__rosidl_typesupport_fastrtps_c.h
[102.995s] -- Symlinking: /ros_test/install/turtlesim/include/turtlesim/srv/detail/set_pen__rosidl_typesupport_fastrtps_c.h
[103.125s] -- Symlinking: /ros_test/install/turtlesim/include/turtlesim/srv/detail/spawn__rosidl_typesupport_fastrtps_c.h
[103.250s] -- Symlinking: /ros_test/install/turtlesim/include/turtlesim/srv/detail/teleport_absolute__rosidl_typesupport_fastrtps_c.h
[103.519s] -- Symlinking: /ros_test/install/turtlesim/include/turtlesim/srv/detail/teleport_relative__rosidl_typesupport_fastrtps_c.h
[103.702s] -- Symlinking: /ros_test/install/turtlesim/lib/libturtlesim__rosidl_typesupport_fastrtps_c.so
[104.124s] -- Symlinking: /ros_test/install/turtlesim/include/turtlesim/action/detail/rotate_absolute__rosidl_typesupport_fastrtps_cpp.hpp
[104.238s] -- Symlinking: /ros_test/install/turtlesim/include/turtlesim/msg/detail/color__rosidl_typesupport_fastrtps_cpp.hpp
[104.387s] -- Symlinking: /ros_test/install/turtlesim/include/turtlesim/msg/detail/pose__rosidl_typesupport_fastrtps_cpp.hpp
[104.519s] -- Symlinking: /ros_test/install/turtlesim/include/turtlesim/msg/rosidl_typesupport_fastrtps_cpp__visibility_control.h
[104.678s] -- Symlinking: /ros_test/install/turtlesim/include/turtlesim/srv/detail/kill__rosidl_typesupport_fastrtps_cpp.hpp
[104.924s] -- Symlinking: /ros_test/install/turtlesim/include/turtlesim/srv/detail/set_pen__rosidl_typesupport_fastrtps_cpp.hpp
[105.120s] -- Symlinking: /ros_test/install/turtlesim/include/turtlesim/srv/detail/spawn__rosidl_typesupport_fastrtps_cpp.hpp
[105.266s] -- Symlinking: /ros_test/install/turtlesim/include/turtlesim/srv/detail/teleport_absolute__rosidl_typesupport_fastrtps_cpp.hpp
[105.408s] -- Symlinking: /ros_test/install/turtlesim/include/turtlesim/srv/detail/teleport_relative__rosidl_typesupport_fastrtps_cpp.hpp
[105.532s] -- Symlinking: /ros_test/install/turtlesim/lib/libturtlesim__rosidl_typesupport_fastrtps_cpp.so
[105.762s] -- Symlinking: /ros_test/install/turtlesim/include/turtlesim/action/detail/rotate_absolute__rosidl_typesupport_introspection_c.h
[105.892s] -- Symlinking: /ros_test/install/turtlesim/include/turtlesim/msg/detail/color__rosidl_typesupport_introspection_c.h
[106.049s] -- Symlinking: /ros_test/install/turtlesim/include/turtlesim/msg/detail/pose__rosidl_typesupport_introspection_c.h
[106.191s] -- Symlinking: /ros_test/install/turtlesim/include/turtlesim/msg/rosidl_typesupport_introspection_c__visibility_control.h
[106.379s] -- Symlinking: /ros_test/install/turtlesim/include/turtlesim/srv/detail/kill__rosidl_typesupport_introspection_c.h
[106.547s] -- Symlinking: /ros_test/install/turtlesim/include/turtlesim/srv/detail/set_pen__rosidl_typesupport_introspection_c.h
[106.700s] -- Symlinking: /ros_test/install/turtlesim/include/turtlesim/srv/detail/spawn__rosidl_typesupport_introspection_c.h
[106.916s] -- Symlinking: /ros_test/install/turtlesim/include/turtlesim/srv/detail/teleport_absolute__rosidl_typesupport_introspection_c.h
[107.141s] -- Symlinking: /ros_test/install/turtlesim/include/turtlesim/srv/detail/teleport_relative__rosidl_typesupport_introspection_c.h
[107.478s] -- Symlinking: /ros_test/install/turtlesim/include/turtlesim/action/detail/rotate_absolute__builder.hpp
[107.616s] -- Symlinking: /ros_test/install/turtlesim/include/turtlesim/action/detail/rotate_absolute__struct.hpp
[107.750s] -- Symlinking: /ros_test/install/turtlesim/include/turtlesim/action/detail/rotate_absolute__traits.hpp
[107.869s] -- Symlinking: /ros_test/install/turtlesim/include/turtlesim/action/detail/rotate_absolute__type_support.hpp
[108.008s] -- Symlinking: /ros_test/install/turtlesim/include/turtlesim/action/rotate_absolute.hpp
[108.176s] -- Symlinking: /ros_test/install/turtlesim/include/turtlesim/msg/color.hpp
[108.332s] -- Symlinking: /ros_test/install/turtlesim/include/turtlesim/msg/detail/color__builder.hpp
[108.494s] -- Symlinking: /ros_test/install/turtlesim/include/turtlesim/msg/detail/color__struct.hpp
[108.625s] -- Symlinking: /ros_test/install/turtlesim/include/turtlesim/msg/detail/color__traits.hpp
[108.751s] -- Symlinking: /ros_test/install/turtlesim/include/turtlesim/msg/detail/color__type_support.hpp
[108.925s] -- Symlinking: /ros_test/install/turtlesim/include/turtlesim/msg/detail/pose__builder.hpp
[109.044s] -- Symlinking: /ros_test/install/turtlesim/include/turtlesim/msg/detail/pose__struct.hpp
[109.240s] -- Symlinking: /ros_test/install/turtlesim/include/turtlesim/msg/detail/pose__traits.hpp
[109.391s] -- Symlinking: /ros_test/install/turtlesim/include/turtlesim/msg/detail/pose__type_support.hpp
[109.530s] -- Symlinking: /ros_test/install/turtlesim/include/turtlesim/msg/pose.hpp
[109.699s] -- Symlinking: /ros_test/install/turtlesim/include/turtlesim/msg/rosidl_generator_cpp__visibility_control.hpp
[109.868s] -- Symlinking: /ros_test/install/turtlesim/include/turtlesim/srv/detail/kill__builder.hpp
[110.021s] -- Symlinking: /ros_test/install/turtlesim/include/turtlesim/srv/detail/kill__struct.hpp
[110.196s] -- Symlinking: /ros_test/install/turtlesim/include/turtlesim/srv/detail/kill__traits.hpp
[110.365s] -- Symlinking: /ros_test/install/turtlesim/include/turtlesim/srv/detail/kill__type_support.hpp
[110.492s] -- Symlinking: /ros_test/install/turtlesim/include/turtlesim/srv/detail/set_pen__builder.hpp
[110.634s] -- Symlinking: /ros_test/install/turtlesim/include/turtlesim/srv/detail/set_pen__struct.hpp
[110.774s] -- Symlinking: /ros_test/install/turtlesim/include/turtlesim/srv/detail/set_pen__traits.hpp
[110.908s] -- Symlinking: /ros_test/install/turtlesim/include/turtlesim/srv/detail/set_pen__type_support.hpp
[111.067s] -- Symlinking: /ros_test/install/turtlesim/include/turtlesim/srv/detail/spawn__builder.hpp
[111.188s] -- Symlinking: /ros_test/install/turtlesim/include/turtlesim/srv/detail/spawn__struct.hpp
[111.326s] -- Symlinking: /ros_test/install/turtlesim/include/turtlesim/srv/detail/spawn__traits.hpp
[111.461s] -- Symlinking: /ros_test/install/turtlesim/include/turtlesim/srv/detail/spawn__type_support.hpp
[111.600s] -- Symlinking: /ros_test/install/turtlesim/include/turtlesim/srv/detail/teleport_absolute__builder.hpp
[111.728s] -- Symlinking: /ros_test/install/turtlesim/include/turtlesim/srv/detail/teleport_absolute__struct.hpp
[111.863s] -- Symlinking: /ros_test/install/turtlesim/include/turtlesim/srv/detail/teleport_absolute__traits.hpp
[111.995s] -- Symlinking: /ros_test/install/turtlesim/include/turtlesim/srv/detail/teleport_absolute__type_support.hpp
[112.117s] -- Symlinking: /ros_test/install/turtlesim/include/turtlesim/srv/detail/teleport_relative__builder.hpp
[112.257s] -- Symlinking: /ros_test/install/turtlesim/include/turtlesim/srv/detail/teleport_relative__struct.hpp
[112.392s] -- Symlinking: /ros_test/install/turtlesim/include/turtlesim/srv/detail/teleport_relative__traits.hpp
[112.518s] -- Symlinking: /ros_test/install/turtlesim/include/turtlesim/srv/detail/teleport_relative__type_support.hpp
[112.678s] -- Symlinking: /ros_test/install/turtlesim/include/turtlesim/srv/kill.hpp
[112.863s] -- Symlinking: /ros_test/install/turtlesim/include/turtlesim/srv/set_pen.hpp
[113.148s] -- Symlinking: /ros_test/install/turtlesim/include/turtlesim/srv/spawn.hpp
[113.294s] -- Symlinking: /ros_test/install/turtlesim/include/turtlesim/srv/teleport_absolute.hpp
[113.420s] -- Symlinking: /ros_test/install/turtlesim/include/turtlesim/srv/teleport_relative.hpp
[113.664s] -- Symlinking: /ros_test/install/turtlesim/include/turtlesim/action/detail/rotate_absolute__rosidl_typesupport_introspection_cpp.hpp
[113.800s] -- Symlinking: /ros_test/install/turtlesim/include/turtlesim/msg/detail/color__rosidl_typesupport_introspection_cpp.hpp
[113.959s] -- Symlinking: /ros_test/install/turtlesim/include/turtlesim/msg/detail/pose__rosidl_typesupport_introspection_cpp.hpp
[114.093s] -- Symlinking: /ros_test/install/turtlesim/include/turtlesim/srv/detail/kill__rosidl_typesupport_introspection_cpp.hpp
[114.243s] -- Symlinking: /ros_test/install/turtlesim/include/turtlesim/srv/detail/set_pen__rosidl_typesupport_introspection_cpp.hpp
[114.384s] -- Symlinking: /ros_test/install/turtlesim/include/turtlesim/srv/detail/spawn__rosidl_typesupport_introspection_cpp.hpp
[114.572s] -- Symlinking: /ros_test/install/turtlesim/include/turtlesim/srv/detail/teleport_absolute__rosidl_typesupport_introspection_cpp.hpp
[114.718s] -- Symlinking: /ros_test/install/turtlesim/include/turtlesim/srv/detail/teleport_relative__rosidl_typesupport_introspection_cpp.hpp
[114.893s] -- Symlinking: /ros_test/install/turtlesim/share/turtlesim/environment/pythonpath.sh
[115.039s] -- Symlinking: /ros_test/install/turtlesim/share/turtlesim/environment/pythonpath.dsv
[115.211s] -- Symlinking: /ros_test/install/turtlesim/lib/python3.8/site-packages/turtlesim/__init__.py
[115.378s] -- Symlinking: /ros_test/install/turtlesim/lib/python3.8/site-packages/turtlesim/action/__init__.py
[115.653s] -- Symlinking: /ros_test/install/turtlesim/lib/python3.8/site-packages/turtlesim/action/_rotate_absolute.py
[115.817s] -- Symlinking: /ros_test/install/turtlesim/lib/python3.8/site-packages/turtlesim/msg/__init__.py
[115.944s] -- Symlinking: /ros_test/install/turtlesim/lib/python3.8/site-packages/turtlesim/msg/_color.py
[116.088s] -- Symlinking: /ros_test/install/turtlesim/lib/python3.8/site-packages/turtlesim/msg/_pose.py
[116.372s] -- Symlinking: /ros_test/install/turtlesim/lib/python3.8/site-packages/turtlesim/srv/__init__.py
[116.561s] -- Symlinking: /ros_test/install/turtlesim/lib/python3.8/site-packages/turtlesim/srv/_kill.py
[116.714s] -- Symlinking: /ros_test/install/turtlesim/lib/python3.8/site-packages/turtlesim/srv/_set_pen.py
[116.846s] -- Symlinking: /ros_test/install/turtlesim/lib/python3.8/site-packages/turtlesim/srv/_spawn.py
[117.106s] -- Symlinking: /ros_test/install/turtlesim/lib/python3.8/site-packages/turtlesim/srv/_teleport_absolute.py
[117.296s] -- Symlinking: /ros_test/install/turtlesim/lib/python3.8/site-packages/turtlesim/srv/_teleport_relative.py
[117.446s] -- Symlinking: /ros_test/install/turtlesim/lib/python3.8/site-packages/turtlesim/turtlesim_s__rosidl_typesupport_fastrtps_c.cpython-38-x86_64-linux-gnu.so
[117.597s] -- Symlinking: /ros_test/install/turtlesim/lib/python3.8/site-packages/turtlesim/turtlesim_s__rosidl_typesupport_introspection_c.cpython-38-x86_64-linux-gnu.so
[117.725s] -- Symlinking: /ros_test/install/turtlesim/lib/python3.8/site-packages/turtlesim/turtlesim_s__rosidl_typesupport_c.cpython-38-x86_64-linux-gnu.so
[117.849s] -- Symlinking: /ros_test/install/turtlesim/lib/libturtlesim__python.so
[118.134s] -- Symlinking: /ros_test/install/turtlesim/share/turtlesim/action/RotateAbsolute.idl
[118.280s] -- Symlinking: /ros_test/install/turtlesim/share/turtlesim/msg/Color.idl
[118.408s] -- Symlinking: /ros_test/install/turtlesim/share/turtlesim/msg/Pose.idl
[118.560s] -- Symlinking: /ros_test/install/turtlesim/share/turtlesim/srv/Kill.idl
[118.725s] -- Symlinking: /ros_test/install/turtlesim/share/turtlesim/srv/SetPen.idl
[118.870s] -- Symlinking: /ros_test/install/turtlesim/share/turtlesim/srv/Spawn.idl
[119.136s] -- Symlinking: /ros_test/install/turtlesim/share/turtlesim/srv/TeleportAbsolute.idl
[119.307s] -- Symlinking: /ros_test/install/turtlesim/share/turtlesim/srv/TeleportRelative.idl
[119.431s] -- Symlinking: /ros_test/install/turtlesim/share/turtlesim/action/RotateAbsolute.action
[119.556s] -- Symlinking: /ros_test/install/turtlesim/share/turtlesim/msg/Color.msg
[119.713s] -- Symlinking: /ros_test/install/turtlesim/share/turtlesim/msg/Pose.msg
[119.844s] -- Symlinking: /ros_test/install/turtlesim/share/turtlesim/srv/Kill.srv
[120.030s] -- Symlinking: /ros_test/install/turtlesim/share/turtlesim/srv/Kill_Request.msg
[120.181s] -- Symlinking: /ros_test/install/turtlesim/share/turtlesim/srv/Kill_Response.msg
[120.306s] -- Symlinking: /ros_test/install/turtlesim/share/turtlesim/srv/SetPen.srv
[120.477s] -- Symlinking: /ros_test/install/turtlesim/share/turtlesim/srv/SetPen_Request.msg
[120.622s] -- Symlinking: /ros_test/install/turtlesim/share/turtlesim/srv/SetPen_Response.msg
[120.838s] -- Symlinking: /ros_test/install/turtlesim/share/turtlesim/srv/Spawn.srv
[121.155s] -- Symlinking: /ros_test/install/turtlesim/share/turtlesim/srv/Spawn_Request.msg
[121.478s] -- Symlinking: /ros_test/install/turtlesim/share/turtlesim/srv/Spawn_Response.msg
[121.768s] -- Symlinking: /ros_test/install/turtlesim/share/turtlesim/srv/TeleportAbsolute.srv
[122.046s] -- Symlinking: /ros_test/install/turtlesim/share/turtlesim/srv/TeleportAbsolute_Request.msg
[122.211s] -- Symlinking: /ros_test/install/turtlesim/share/turtlesim/srv/TeleportAbsolute_Response.msg
[122.374s] -- Symlinking: /ros_test/install/turtlesim/share/turtlesim/srv/TeleportRelative.srv
[122.504s] -- Symlinking: /ros_test/install/turtlesim/share/turtlesim/srv/TeleportRelative_Request.msg
[122.663s] -- Symlinking: /ros_test/install/turtlesim/share/turtlesim/srv/TeleportRelative_Response.msg
[122.828s] -- Symlinking: /ros_test/install/turtlesim/lib/turtlesim/turtlesim_node
[122.967s] -- Symlinking: /ros_test/install/turtlesim/lib/turtlesim/turtle_teleop_key
[123.122s] -- Symlinking: /ros_test/install/turtlesim/lib/turtlesim/draw_square
[123.250s] -- Symlinking: /ros_test/install/turtlesim/lib/turtlesim/mimic
[123.408s] -- Symlinking: /ros_test/install/turtlesim/share/turtlesim/launch/multisim.launch.py
[123.611s] -- Symlinking: /ros_test/install/turtlesim/share/ament_index/resource_index/package_run_dependencies/turtlesim
[123.768s] -- Symlinking: /ros_test/install/turtlesim/share/ament_index/resource_index/parent_prefix_path/turtlesim
[123.899s] -- Symlinking: /ros_test/install/turtlesim/share/turtlesim/environment/ament_prefix_path.sh
[124.027s] -- Symlinking: /ros_test/install/turtlesim/share/turtlesim/environment/ament_prefix_path.dsv
[124.160s] -- Symlinking: /ros_test/install/turtlesim/share/turtlesim/environment/path.sh
[124.290s] -- Symlinking: /ros_test/install/turtlesim/share/turtlesim/environment/path.dsv
[124.424s] -- Symlinking: /ros_test/install/turtlesim/share/turtlesim/local_setup.bash
[124.661s] -- Symlinking: /ros_test/install/turtlesim/share/turtlesim/local_setup.sh
[124.813s] -- Symlinking: /ros_test/install/turtlesim/share/turtlesim/local_setup.zsh
[124.931s] -- Symlinking: /ros_test/install/turtlesim/share/turtlesim/local_setup.dsv
[125.168s] -- Symlinking: /ros_test/install/turtlesim/share/turtlesim/package.dsv
[125.356s] -- Symlinking: /ros_test/install/turtlesim/share/ament_index/resource_index/packages/turtlesim
[125.508s] -- Symlinking: /ros_test/install/turtlesim/share/turtlesim/cmake/rosidl_cmake-extras.cmake
[125.640s] -- Symlinking: /ros_test/install/turtlesim/share/turtlesim/cmake/ament_cmake_export_dependencies-extras.cmake
[125.774s] -- Symlinking: /ros_test/install/turtlesim/share/turtlesim/cmake/ament_cmake_export_libraries-extras.cmake
[125.901s] -- Symlinking: /ros_test/install/turtlesim/share/turtlesim/cmake/ament_cmake_export_targets-extras.cmake
[126.021s] -- Symlinking: /ros_test/install/turtlesim/share/turtlesim/cmake/ament_cmake_export_include_directories-extras.cmake
[126.157s] -- Symlinking: /ros_test/install/turtlesim/share/turtlesim/cmake/rosidl_cmake_export_typesupport_libraries-extras.cmake
[126.338s] -- Symlinking: /ros_test/install/turtlesim/share/turtlesim/cmake/rosidl_cmake_export_typesupport_targets-extras.cmake
[126.478s] -- Symlinking: /ros_test/install/turtlesim/share/turtlesim/cmake/turtlesimConfig.cmake
[126.615s] -- Symlinking: /ros_test/install/turtlesim/share/turtlesim/cmake/turtlesimConfig-version.cmake
[126.762s] -- Symlinking: /ros_test/install/turtlesim/share/turtlesim/package.xml
[126.879s] -- Installing: /ros_test/install/turtlesim/lib/libturtlesim__rosidl_generator_c.so
[126.956s] -- Set runtime path of "/ros_test/install/turtlesim/lib/libturtlesim__rosidl_generator_c.so" to ""
[126.978s] -- Installing: /ros_test/install/turtlesim/lib/libturtlesim__rosidl_typesupport_introspection_c.so
[127.034s] -- Set runtime path of "/ros_test/install/turtlesim/lib/libturtlesim__rosidl_typesupport_introspection_c.so" to ""
[127.043s] -- Installing: /ros_test/install/turtlesim/lib/libturtlesim__rosidl_typesupport_c.so
[127.161s] -- Set runtime path of "/ros_test/install/turtlesim/lib/libturtlesim__rosidl_typesupport_c.so" to ""
[127.175s] -- Installing: /ros_test/install/turtlesim/lib/libturtlesim__rosidl_typesupport_introspection_cpp.so
[127.248s] -- Set runtime path of "/ros_test/install/turtlesim/lib/libturtlesim__rosidl_typesupport_introspection_cpp.so" to ""
[127.269s] -- Installing: /ros_test/install/turtlesim/lib/libturtlesim__rosidl_typesupport_cpp.so
[127.359s] -- Set runtime path of "/ros_test/install/turtlesim/lib/libturtlesim__rosidl_typesupport_cpp.so" to ""
[127.682s] Compiling '/ros_test/install/turtlesim/lib/python3.8/site-packages/turtlesim/__init__.py'...
[127.694s] -- Installing: /ros_test/install/turtlesim/share/turtlesim/images
[127.719s] -- Installing: /ros_test/install/turtlesim/share/turtlesim/images/ardent.png
[127.909s] -- Installing: /ros_test/install/turtlesim/share/turtlesim/images/bouncy.png
[128.011s] -- Installing: /ros_test/install/turtlesim/share/turtlesim/images/crystal.png
[128.080s] -- Installing: /ros_test/install/turtlesim/share/turtlesim/images/dashing.png
[128.145s] -- Installing: /ros_test/install/turtlesim/share/turtlesim/images/eloquent.png
[128.237s] -- Installing: /ros_test/install/turtlesim/share/turtlesim/images/foxy.png
[128.330s] -- Installing: /ros_test/install/turtlesim/share/turtlesim/cmake/turtlesim__rosidl_generator_cExport.cmake
[128.399s] -- Installing: /ros_test/install/turtlesim/share/turtlesim/cmake/turtlesim__rosidl_generator_cExport-noconfig.cmake
[128.464s] -- Installing: /ros_test/install/turtlesim/share/turtlesim/cmake/turtlesim__rosidl_typesupport_introspection_cExport.cmake
[128.806s] -- Installing: /ros_test/install/turtlesim/share/turtlesim/cmake/turtlesim__rosidl_typesupport_introspection_cExport-noconfig.cmake
[128.936s] -- Installing: /ros_test/install/turtlesim/share/turtlesim/cmake/turtlesim__rosidl_typesupport_cExport.cmake
[129.007s] -- Installing: /ros_test/install/turtlesim/share/turtlesim/cmake/turtlesim__rosidl_typesupport_cExport-noconfig.cmake
[129.076s] -- Installing: /ros_test/install/turtlesim/share/turtlesim/cmake/turtlesim__rosidl_generator_cppExport.cmake
[129.190s] -- Installing: /ros_test/install/turtlesim/share/turtlesim/cmake/turtlesim__rosidl_typesupport_introspection_cppExport.cmake
[129.253s] -- Installing: /ros_test/install/turtlesim/share/turtlesim/cmake/turtlesim__rosidl_typesupport_introspection_cppExport-noconfig.cmake
[129.321s] -- Installing: /ros_test/install/turtlesim/share/turtlesim/cmake/turtlesim__rosidl_typesupport_cppExport.cmake
[129.384s] -- Installing: /ros_test/install/turtlesim/share/turtlesim/cmake/turtlesim__rosidl_typesupport_cppExport-noconfig.cmake
[129.442s] Invoked command in '/ros_test/build/turtlesim' returned '0': CMAKE_PREFIX_PATH=${CMAKE_PREFIX_PATH}:/opt/ros/foxy /usr/bin/cmake --install /ros_test/build/turtlesim
