[0.472s] DEBUG:colcon:Command line arguments: ['/usr/bin/colcon', 'build', '--packages-select', 'my_package']
[0.472s] DEBUG:colcon:Parsed command line arguments: Namespace(ament_cmake_args=None, base_paths=['.'], build_base='build', catkin_cmake_args=None, catkin_skip_building_tests=False, cmake_args=None, cmake_clean_cache=False, cmake_clean_first=False, cmake_force_configure=False, cmake_target=None, cmake_target_skip_unavailable=False, continue_on_error=False, event_handlers=None, executor='parallel', ignore_user_meta=False, install_base='install', log_base=None, log_level=None, main=<bound method BuildVerb.main of <colcon_core.verb.build.BuildVerb object at 0x7f4986a9e850>>, merge_install=False, metas=['./colcon.meta'], mixin=None, mixin_files=None, mixin_verb=('build',), packages_above=None, packages_above_and_dependencies=None, packages_above_depth=None, packages_end=None, packages_ignore=None, packages_ignore_regex=None, packages_select=['my_package'], packages_select_build_failed=False, packages_select_by_dep=None, packages_select_regex=None, packages_select_test_failures=False, packages_skip=None, packages_skip_build_finished=False, packages_skip_by_dep=None, packages_skip_regex=None, packages_skip_test_passed=False, packages_skip_up_to=None, packages_start=None, packages_up_to=None, packages_up_to_regex=None, parallel_workers=20, paths=None, symlink_install=False, test_result_base=None, verb_extension=<colcon_core.verb.build.BuildVerb object at 0x7f4986a9e850>, verb_name='build', verb_parser=<colcon_mixin.mixin.mixin_argument.MixinArgumentDecorator object at 0x7f4986a9ee20>)
[0.543s] Level 1:colcon.colcon_core.package_discovery:discover_packages(colcon_meta) check parameters
[0.544s] Level 1:colcon.colcon_core.package_discovery:discover_packages(recursive) check parameters
[0.544s] Level 1:colcon.colcon_core.package_discovery:discover_packages(ignore) check parameters
[0.544s] Level 1:colcon.colcon_core.package_discovery:discover_packages(path) check parameters
[0.545s] Level 1:colcon.colcon_core.package_discovery:discover_packages(colcon_meta) discover
[0.545s] Level 1:colcon.colcon_core.package_discovery:discover_packages(recursive) discover
[0.545s] INFO:colcon.colcon_core.package_discovery:Crawling recursively for packages in '/ros_test'
[0.546s] Level 1:colcon.colcon_core.package_identification:_identify(.) by extensions ['ignore', 'ignore_ament_install']
[0.546s] Level 1:colcon.colcon_core.package_identification:_identify(.) by extension 'ignore'
[0.546s] Level 1:colcon.colcon_core.package_identification:_identify(.) by extension 'ignore_ament_install'
[0.546s] Level 1:colcon.colcon_core.package_identification:_identify(.) by extensions ['colcon_pkg']
[0.547s] Level 1:colcon.colcon_core.package_identification:_identify(.) by extension 'colcon_pkg'
[0.547s] Level 1:colcon.colcon_core.package_identification:_identify(.) by extensions ['colcon_meta']
[0.547s] Level 1:colcon.colcon_core.package_identification:_identify(.) by extension 'colcon_meta'
[0.547s] Level 1:colcon.colcon_core.package_identification:_identify(.) by extensions ['ros']
[0.547s] Level 1:colcon.colcon_core.package_identification:_identify(.) by extension 'ros'
[0.564s] Level 1:colcon.colcon_core.package_identification:_identify(.) by extensions ['cmake', 'python']
[0.564s] Level 1:colcon.colcon_core.package_identification:_identify(.) by extension 'cmake'
[0.565s] Level 1:colcon.colcon_core.package_identification:_identify(.) by extension 'python'
[0.565s] Level 1:colcon.colcon_core.package_identification:_identify(.) by extensions ['python_setup_py']
[0.565s] Level 1:colcon.colcon_core.package_identification:_identify(.) by extension 'python_setup_py'
[0.566s] Level 1:colcon.colcon_core.package_identification:_identify(build) by extensions ['ignore', 'ignore_ament_install']
[0.567s] Level 1:colcon.colcon_core.package_identification:_identify(build) by extension 'ignore'
[0.567s] Level 1:colcon.colcon_core.package_identification:_identify(build) ignored
[0.569s] Level 1:colcon.colcon_core.package_identification:_identify(install) by extensions ['ignore', 'ignore_ament_install']
[0.569s] Level 1:colcon.colcon_core.package_identification:_identify(install) by extension 'ignore'
[0.570s] Level 1:colcon.colcon_core.package_identification:_identify(install) ignored
[0.572s] Level 1:colcon.colcon_core.package_identification:_identify(log) by extensions ['ignore', 'ignore_ament_install']
[0.573s] Level 1:colcon.colcon_core.package_identification:_identify(log) by extension 'ignore'
[0.573s] Level 1:colcon.colcon_core.package_identification:_identify(log) ignored
[0.574s] Level 1:colcon.colcon_core.package_identification:_identify(ros_tutorials) by extensions ['ignore', 'ignore_ament_install']
[0.575s] Level 1:colcon.colcon_core.package_identification:_identify(ros_tutorials) by extension 'ignore'
[0.575s] Level 1:colcon.colcon_core.package_identification:_identify(ros_tutorials) by extension 'ignore_ament_install'
[0.576s] Level 1:colcon.colcon_core.package_identification:_identify(ros_tutorials) by extensions ['colcon_pkg']
[0.576s] Level 1:colcon.colcon_core.package_identification:_identify(ros_tutorials) by extension 'colcon_pkg'
[0.576s] Level 1:colcon.colcon_core.package_identification:_identify(ros_tutorials) by extensions ['colcon_meta']
[0.576s] Level 1:colcon.colcon_core.package_identification:_identify(ros_tutorials) by extension 'colcon_meta'
[0.577s] Level 1:colcon.colcon_core.package_identification:_identify(ros_tutorials) by extensions ['ros']
[0.577s] Level 1:colcon.colcon_core.package_identification:_identify(ros_tutorials) by extension 'ros'
[0.579s] Level 1:colcon.colcon_core.package_identification:_identify(ros_tutorials) by extensions ['cmake', 'python']
[0.579s] Level 1:colcon.colcon_core.package_identification:_identify(ros_tutorials) by extension 'cmake'
[0.580s] Level 1:colcon.colcon_core.package_identification:_identify(ros_tutorials) by extension 'python'
[0.580s] Level 1:colcon.colcon_core.package_identification:_identify(ros_tutorials) by extensions ['python_setup_py']
[0.580s] Level 1:colcon.colcon_core.package_identification:_identify(ros_tutorials) by extension 'python_setup_py'
[0.583s] Level 1:colcon.colcon_core.package_identification:_identify(ros_tutorials/build) by extensions ['ignore', 'ignore_ament_install']
[0.583s] Level 1:colcon.colcon_core.package_identification:_identify(ros_tutorials/build) by extension 'ignore'
[0.584s] Level 1:colcon.colcon_core.package_identification:_identify(ros_tutorials/build) ignored
[0.586s] Level 1:colcon.colcon_core.package_identification:_identify(ros_tutorials/install) by extensions ['ignore', 'ignore_ament_install']
[0.586s] Level 1:colcon.colcon_core.package_identification:_identify(ros_tutorials/install) by extension 'ignore'
[0.587s] Level 1:colcon.colcon_core.package_identification:_identify(ros_tutorials/install) ignored
[0.591s] Level 1:colcon.colcon_core.package_identification:_identify(ros_tutorials/log) by extensions ['ignore', 'ignore_ament_install']
[0.591s] Level 1:colcon.colcon_core.package_identification:_identify(ros_tutorials/log) by extension 'ignore'
[0.592s] Level 1:colcon.colcon_core.package_identification:_identify(ros_tutorials/log) ignored
[0.594s] Level 1:colcon.colcon_core.package_identification:_identify(ros_tutorials/ros_tutorials) by extensions ['ignore', 'ignore_ament_install']
[0.594s] Level 1:colcon.colcon_core.package_identification:_identify(ros_tutorials/ros_tutorials) by extension 'ignore'
[0.595s] Level 1:colcon.colcon_core.package_identification:_identify(ros_tutorials/ros_tutorials) ignored
[0.597s] Level 1:colcon.colcon_core.package_identification:_identify(ros_tutorials/roscpp_tutorials) by extensions ['ignore', 'ignore_ament_install']
[0.597s] Level 1:colcon.colcon_core.package_identification:_identify(ros_tutorials/roscpp_tutorials) by extension 'ignore'
[0.599s] Level 1:colcon.colcon_core.package_identification:_identify(ros_tutorials/roscpp_tutorials) ignored
[0.604s] Level 1:colcon.colcon_core.package_identification:_identify(ros_tutorials/rospy_tutorials) by extensions ['ignore', 'ignore_ament_install']
[0.604s] Level 1:colcon.colcon_core.package_identification:_identify(ros_tutorials/rospy_tutorials) by extension 'ignore'
[0.605s] Level 1:colcon.colcon_core.package_identification:_identify(ros_tutorials/rospy_tutorials) ignored
[0.608s] Level 1:colcon.colcon_core.package_identification:_identify(ros_tutorials/turtlesim) by extensions ['ignore', 'ignore_ament_install']
[0.608s] Level 1:colcon.colcon_core.package_identification:_identify(ros_tutorials/turtlesim) by extension 'ignore'
[0.609s] Level 1:colcon.colcon_core.package_identification:_identify(ros_tutorials/turtlesim) by extension 'ignore_ament_install'
[0.610s] Level 1:colcon.colcon_core.package_identification:_identify(ros_tutorials/turtlesim) by extensions ['colcon_pkg']
[0.610s] Level 1:colcon.colcon_core.package_identification:_identify(ros_tutorials/turtlesim) by extension 'colcon_pkg'
[0.611s] Level 1:colcon.colcon_core.package_identification:_identify(ros_tutorials/turtlesim) by extensions ['colcon_meta']
[0.611s] Level 1:colcon.colcon_core.package_identification:_identify(ros_tutorials/turtlesim) by extension 'colcon_meta'
[0.612s] Level 1:colcon.colcon_core.package_identification:_identify(ros_tutorials/turtlesim) by extensions ['ros']
[0.612s] Level 1:colcon.colcon_core.package_identification:_identify(ros_tutorials/turtlesim) by extension 'ros'
[0.621s] DEBUG:colcon.colcon_core.package_identification:Package 'ros_tutorials/turtlesim' with type 'ros.ament_cmake' and name 'turtlesim'
[0.623s] Level 1:colcon.colcon_core.package_identification:_identify(src) by extensions ['ignore', 'ignore_ament_install']
[0.624s] Level 1:colcon.colcon_core.package_identification:_identify(src) by extension 'ignore'
[0.624s] Level 1:colcon.colcon_core.package_identification:_identify(src) by extension 'ignore_ament_install'
[0.625s] Level 1:colcon.colcon_core.package_identification:_identify(src) by extensions ['colcon_pkg']
[0.625s] Level 1:colcon.colcon_core.package_identification:_identify(src) by extension 'colcon_pkg'
[0.626s] Level 1:colcon.colcon_core.package_identification:_identify(src) by extensions ['colcon_meta']
[0.626s] Level 1:colcon.colcon_core.package_identification:_identify(src) by extension 'colcon_meta'
[0.626s] Level 1:colcon.colcon_core.package_identification:_identify(src) by extensions ['ros']
[0.626s] Level 1:colcon.colcon_core.package_identification:_identify(src) by extension 'ros'
[0.628s] Level 1:colcon.colcon_core.package_identification:_identify(src) by extensions ['cmake', 'python']
[0.628s] Level 1:colcon.colcon_core.package_identification:_identify(src) by extension 'cmake'
[0.628s] Level 1:colcon.colcon_core.package_identification:_identify(src) by extension 'python'
[0.629s] Level 1:colcon.colcon_core.package_identification:_identify(src) by extensions ['python_setup_py']
[0.629s] Level 1:colcon.colcon_core.package_identification:_identify(src) by extension 'python_setup_py'
[0.632s] Level 1:colcon.colcon_core.package_identification:_identify(src/my_package) by extensions ['ignore', 'ignore_ament_install']
[0.632s] Level 1:colcon.colcon_core.package_identification:_identify(src/my_package) by extension 'ignore'
[0.633s] Level 1:colcon.colcon_core.package_identification:_identify(src/my_package) by extension 'ignore_ament_install'
[0.634s] Level 1:colcon.colcon_core.package_identification:_identify(src/my_package) by extensions ['colcon_pkg']
[0.634s] Level 1:colcon.colcon_core.package_identification:_identify(src/my_package) by extension 'colcon_pkg'
[0.635s] Level 1:colcon.colcon_core.package_identification:_identify(src/my_package) by extensions ['colcon_meta']
[0.635s] Level 1:colcon.colcon_core.package_identification:_identify(src/my_package) by extension 'colcon_meta'
[0.636s] Level 1:colcon.colcon_core.package_identification:_identify(src/my_package) by extensions ['ros']
[0.636s] Level 1:colcon.colcon_core.package_identification:_identify(src/my_package) by extension 'ros'
[0.643s] DEBUG:colcon.colcon_core.package_identification:Package 'src/my_package' with type 'ros.ament_cmake' and name 'my_package'
[0.643s] Level 1:colcon.colcon_core.package_discovery:discover_packages(recursive) using defaults
[0.644s] Level 1:colcon.colcon_core.package_discovery:discover_packages(ignore) discover
[0.644s] Level 1:colcon.colcon_core.package_discovery:discover_packages(ignore) using defaults
[0.644s] Level 1:colcon.colcon_core.package_discovery:discover_packages(path) discover
[0.644s] Level 1:colcon.colcon_core.package_discovery:discover_packages(path) using defaults
[0.702s] INFO:colcon.colcon_core.package_selection:Skipping not selected package 'turtlesim' in 'ros_tutorials/turtlesim'
[0.703s] Level 5:colcon.colcon_core.verb:set package 'my_package' build argument 'cmake_args' from command line to 'None'
[0.704s] Level 5:colcon.colcon_core.verb:set package 'my_package' build argument 'cmake_target' from command line to 'None'
[0.704s] Level 5:colcon.colcon_core.verb:set package 'my_package' build argument 'cmake_target_skip_unavailable' from command line to 'False'
[0.704s] Level 5:colcon.colcon_core.verb:set package 'my_package' build argument 'cmake_clean_cache' from command line to 'False'
[0.704s] Level 5:colcon.colcon_core.verb:set package 'my_package' build argument 'cmake_clean_first' from command line to 'False'
[0.704s] Level 5:colcon.colcon_core.verb:set package 'my_package' build argument 'cmake_force_configure' from command line to 'False'
[0.704s] Level 5:colcon.colcon_core.verb:set package 'my_package' build argument 'ament_cmake_args' from command line to 'None'
[0.704s] Level 5:colcon.colcon_core.verb:set package 'my_package' build argument 'catkin_cmake_args' from command line to 'None'
[0.705s] Level 5:colcon.colcon_core.verb:set package 'my_package' build argument 'catkin_skip_building_tests' from command line to 'False'
[0.705s] DEBUG:colcon.colcon_core.verb:Building package 'my_package' with the following arguments: {'ament_cmake_args': None, 'build_base': '/ros_test/build/my_package', 'catkin_cmake_args': None, 'catkin_skip_building_tests': False, 'cmake_args': None, 'cmake_clean_cache': False, 'cmake_clean_first': False, 'cmake_force_configure': False, 'cmake_target': None, 'cmake_target_skip_unavailable': False, 'install_base': '/ros_test/install/my_package', 'merge_install': False, 'path': '/ros_test/src/my_package', 'symlink_install': False, 'test_result_base': None}
[0.705s] INFO:colcon.colcon_core.executor:Executing jobs using 'parallel' executor
[0.708s] DEBUG:colcon.colcon_parallel_executor.executor.parallel:run_until_complete
[0.708s] INFO:colcon.colcon_ros.task.ament_cmake.build:Building ROS package in '/ros_test/src/my_package' with build type 'ament_cmake'
[0.709s] INFO:colcon.colcon_cmake.task.cmake.build:Building CMake package in '/ros_test/src/my_package'
[0.721s] INFO:colcon.colcon_core.plugin_system:Skipping extension 'colcon_core.shell.bat': Not used on non-Windows systems
[0.721s] INFO:colcon.colcon_core.shell:Skip shell extension 'powershell' for command environment: Not usable outside of PowerShell
[0.721s] DEBUG:colcon.colcon_core.shell:Skip shell extension 'dsv' for command environment
[0.895s] DEBUG:colcon.colcon_core.event_handler.log_command:Invoking command in '/ros_test/build/my_package': CMAKE_PREFIX_PATH=${CMAKE_PREFIX_PATH}:/opt/ros/foxy /usr/bin/cmake /ros_test/src/my_package -DCMAKE_INSTALL_PREFIX=/ros_test/install/my_package
[15.059s] DEBUG:colcon.colcon_core.event_handler.log_command:Invoked command in '/ros_test/build/my_package' returned '0': CMAKE_PREFIX_PATH=${CMAKE_PREFIX_PATH}:/opt/ros/foxy /usr/bin/cmake /ros_test/src/my_package -DCMAKE_INSTALL_PREFIX=/ros_test/install/my_package
[15.069s] DEBUG:colcon.colcon_core.event_handler.log_command:Invoking command in '/ros_test/build/my_package': CMAKE_PREFIX_PATH=${CMAKE_PREFIX_PATH}:/opt/ros/foxy /usr/bin/cmake --build /ros_test/build/my_package -- -j20 -l20
[18.849s] DEBUG:colcon.colcon_core.event_handler.log_command:Invoked command in '/ros_test/build/my_package' returned '0': CMAKE_PREFIX_PATH=${CMAKE_PREFIX_PATH}:/opt/ros/foxy /usr/bin/cmake --build /ros_test/build/my_package -- -j20 -l20
[20.042s] DEBUG:colcon.colcon_core.event_handler.log_command:Invoking command in '/ros_test/build/my_package': CMAKE_PREFIX_PATH=${CMAKE_PREFIX_PATH}:/opt/ros/foxy /usr/bin/cmake --install /ros_test/build/my_package
[21.758s] Level 1:colcon.colcon_core.environment:create_environment_scripts_only(my_package)
[21.760s] DEBUG:colcon.colcon_core.event_handler.log_command:Invoked command in '/ros_test/build/my_package' returned '0': CMAKE_PREFIX_PATH=${CMAKE_PREFIX_PATH}:/opt/ros/foxy /usr/bin/cmake --install /ros_test/build/my_package
[21.784s] Level 1:colcon.colcon_core.environment:checking '/ros_test/install/my_package' for CMake module files
[21.840s] Level 1:colcon.colcon_core.environment:checking '/ros_test/install/my_package' for CMake config files
[22.037s] Level 1:colcon.colcon_core.shell:create_environment_hook('my_package', 'cmake_prefix_path')
[22.040s] INFO:colcon.colcon_core.shell:Creating environment hook '/ros_test/install/my_package/share/my_package/hook/cmake_prefix_path.ps1'
[22.056s] INFO:colcon.colcon_core.shell:Creating environment descriptor '/ros_test/install/my_package/share/my_package/hook/cmake_prefix_path.dsv'
[22.092s] INFO:colcon.colcon_core.shell:Creating environment hook '/ros_test/install/my_package/share/my_package/hook/cmake_prefix_path.sh'
[22.109s] Level 1:colcon.colcon_core.environment:checking '/ros_test/install/my_package/lib'
[22.113s] Level 1:colcon.colcon_core.environment:checking '/ros_test/install/my_package/bin'
[22.114s] Level 1:colcon.colcon_core.environment:checking '/ros_test/install/my_package/lib/pkgconfig/my_package.pc'
[22.121s] Level 1:colcon.colcon_core.environment:checking '/ros_test/install/my_package/lib/python3.8/site-packages'
[22.123s] Level 1:colcon.colcon_core.environment:checking '/ros_test/install/my_package/bin'
[22.125s] INFO:colcon.colcon_core.shell:Creating package script '/ros_test/install/my_package/share/my_package/package.ps1'
[22.134s] INFO:colcon.colcon_core.shell:Creating package descriptor '/ros_test/install/my_package/share/my_package/package.dsv'
[22.144s] INFO:colcon.colcon_core.shell:Creating package script '/ros_test/install/my_package/share/my_package/package.sh'
[22.152s] INFO:colcon.colcon_core.shell:Creating package script '/ros_test/install/my_package/share/my_package/package.bash'
[22.193s] INFO:colcon.colcon_core.shell:Creating package script '/ros_test/install/my_package/share/my_package/package.zsh'
[22.220s] Level 1:colcon.colcon_core.environment:create_file_with_runtime_dependencies(/ros_test/install/my_package/share/colcon-core/packages/my_package)
[23.349s] Level 1:colcon.colcon_core.environment:create_environment_scripts_only(my_package)
[23.351s] Level 1:colcon.colcon_core.environment:checking '/ros_test/install/my_package' for CMake module files
[23.400s] Level 1:colcon.colcon_core.environment:checking '/ros_test/install/my_package' for CMake config files
[23.439s] Level 1:colcon.colcon_core.shell:create_environment_hook('my_package', 'cmake_prefix_path')
[23.440s] INFO:colcon.colcon_core.shell:Creating environment hook '/ros_test/install/my_package/share/my_package/hook/cmake_prefix_path.ps1'
[23.449s] INFO:colcon.colcon_core.shell:Creating environment descriptor '/ros_test/install/my_package/share/my_package/hook/cmake_prefix_path.dsv'
[23.458s] INFO:colcon.colcon_core.shell:Creating environment hook '/ros_test/install/my_package/share/my_package/hook/cmake_prefix_path.sh'
[23.470s] Level 1:colcon.colcon_core.environment:checking '/ros_test/install/my_package/lib'
[23.472s] Level 1:colcon.colcon_core.environment:checking '/ros_test/install/my_package/bin'
[23.473s] Level 1:colcon.colcon_core.environment:checking '/ros_test/install/my_package/lib/pkgconfig/my_package.pc'
[23.474s] Level 1:colcon.colcon_core.environment:checking '/ros_test/install/my_package/lib/python3.8/site-packages'
[23.475s] Level 1:colcon.colcon_core.environment:checking '/ros_test/install/my_package/bin'
[23.477s] INFO:colcon.colcon_core.shell:Creating package script '/ros_test/install/my_package/share/my_package/package.ps1'
[23.484s] INFO:colcon.colcon_core.shell:Creating package descriptor '/ros_test/install/my_package/share/my_package/package.dsv'
[23.493s] INFO:colcon.colcon_core.shell:Creating package script '/ros_test/install/my_package/share/my_package/package.sh'
[23.505s] INFO:colcon.colcon_core.shell:Creating package script '/ros_test/install/my_package/share/my_package/package.bash'
[23.529s] INFO:colcon.colcon_core.shell:Creating package script '/ros_test/install/my_package/share/my_package/package.zsh'
[23.564s] Level 1:colcon.colcon_core.environment:create_file_with_runtime_dependencies(/ros_test/install/my_package/share/colcon-core/packages/my_package)
[23.608s] DEBUG:colcon.colcon_parallel_executor.executor.parallel:closing loop
[23.609s] DEBUG:colcon.colcon_parallel_executor.executor.parallel:loop closed
[23.610s] DEBUG:colcon.colcon_parallel_executor.executor.parallel:run_until_complete finished with '0'
[23.612s] DEBUG:colcon.colcon_core.event_reactor:joining thread
[23.730s] INFO:colcon.colcon_core.plugin_system:Skipping extension 'colcon_notification.desktop_notification.notify_send': Could not find 'notify-send'
[23.730s] INFO:colcon.colcon_core.plugin_system:Skipping extension 'colcon_notification.desktop_notification.terminal_notifier': Not used on non-Darwin systems
[23.731s] INFO:colcon.colcon_core.plugin_system:Skipping extension 'colcon_notification.desktop_notification.win32': Not used on non-Windows systems
[23.731s] INFO:colcon.colcon_notification.desktop_notification:Sending desktop notification using 'notify2'
[23.733s] DEBUG:colcon.colcon_notification.desktop_notification.notify2:Failed to initialize notify2: org.freedesktop.DBus.Error.Spawn.ExecFailed: /usr/bin/dbus-launch terminated abnormally without any error message
[23.734s] DEBUG:colcon.colcon_core.event_reactor:joined thread
[23.736s] INFO:colcon.colcon_core.shell:Creating prefix script '/ros_test/install/local_setup.ps1'
[23.745s] INFO:colcon.colcon_core.shell:Creating prefix util module '/ros_test/install/_local_setup_util_ps1.py'
[23.752s] INFO:colcon.colcon_core.shell:Creating prefix chain script '/ros_test/install/setup.ps1'
[23.787s] INFO:colcon.colcon_core.shell:Creating prefix script '/ros_test/install/local_setup.sh'
[23.793s] INFO:colcon.colcon_core.shell:Creating prefix util module '/ros_test/install/_local_setup_util_sh.py'
[23.804s] INFO:colcon.colcon_core.shell:Creating prefix chain script '/ros_test/install/setup.sh'
[23.863s] INFO:colcon.colcon_core.shell:Creating prefix script '/ros_test/install/local_setup.bash'
[23.877s] INFO:colcon.colcon_core.shell:Creating prefix chain script '/ros_test/install/setup.bash'
[23.926s] INFO:colcon.colcon_core.shell:Creating prefix script '/ros_test/install/local_setup.zsh'
[23.930s] INFO:colcon.colcon_core.shell:Creating prefix chain script '/ros_test/install/setup.zsh'
