[0.185s] Invoking command in '/ros_test/build/my_package': CMAKE_PREFIX_PATH=${CMAKE_PREFIX_PATH}:/opt/ros/foxy /usr/bin/cmake /ros_test/src/my_package -DCMAKE_INSTALL_PREFIX=/ros_test/install/my_package
[1.108s] -- The C compiler identification is GNU 9.4.0
[1.735s] -- The CXX compiler identification is GNU 9.4.0
[1.830s] -- Check for working C compiler: /usr/bin/cc
[3.704s] -- Check for working C compiler: /usr/bin/cc -- works
[3.708s] -- Detecting C compiler ABI info
[5.614s] -- Detecting C compiler ABI info - done
[5.636s] -- Detecting C compile features
[5.637s] -- Detecting C compile features - done
[5.831s] -- Check for working CXX compiler: /usr/bin/c++
[7.667s] -- Check for working CXX compiler: /usr/bin/c++ -- works
[7.673s] -- Detecting CXX compiler ABI info
[9.534s] -- Detecting CXX compiler ABI info - done
[9.616s] -- Detecting CXX compile features
[9.621s] -- Detecting CXX compile features - done
[9.763s] -- Found ament_cmake: 0.9.12 (/opt/ros/foxy/share/ament_cmake/cmake)
[10.125s] -- Found PythonInterp: /usr/bin/python3 (found suitable version "3.8.10", minimum required is "3") 
[10.128s] -- Using PYTHON_EXECUTABLE: /usr/bin/python3
[11.761s] -- Found ament_lint_auto: 0.9.8 (/opt/ros/foxy/share/ament_lint_auto/cmake)
[12.890s] -- Added test 'copyright' to check source files copyright and LICENSE
[13.367s] -- Added test 'cppcheck' to perform static code analysis on C / C++ code
[13.368s] -- Configured cppcheck include dirs: $<BUILD_INTERFACE:/ros_test/src/my_package/include>
[13.369s] -- Configured cppcheck exclude dirs and/or files: 
[13.538s] -- Added test 'cpplint' to check C / C++ code against the Google style
[13.539s] -- Configured cpplint exclude dirs and/or files: 
[13.596s] -- Added test 'lint_cmake' to check CMake code style
[13.772s] -- Added test 'uncrustify' to check C / C++ code style
[13.773s] -- Configured uncrustify additional arguments: 
[13.799s] -- Added test 'xmllint' to check XML markup files
[13.964s] -- Configuring done
[14.241s] -- Generating done
[14.344s] -- Build files have been written to: /ros_test/build/my_package
[14.347s] Invoked command in '/ros_test/build/my_package' returned '0': CMAKE_PREFIX_PATH=${CMAKE_PREFIX_PATH}:/opt/ros/foxy /usr/bin/cmake /ros_test/src/my_package -DCMAKE_INSTALL_PREFIX=/ros_test/install/my_package
[14.357s] Invoking command in '/ros_test/build/my_package': CMAKE_PREFIX_PATH=${CMAKE_PREFIX_PATH}:/opt/ros/foxy /usr/bin/cmake --build /ros_test/build/my_package -- -j20 -l20
[16.389s] [35m[1mScanning dependencies of target my_node[0m
[16.721s] [ 50%] [32mBuilding CXX object CMakeFiles/my_node.dir/src/my_node.cpp.o[0m
[17.292s] [100%] [32m[1mLinking CXX executable my_node[0m
[17.944s] [100%] Built target my_node
[18.137s] Invoked command in '/ros_test/build/my_package' returned '0': CMAKE_PREFIX_PATH=${CMAKE_PREFIX_PATH}:/opt/ros/foxy /usr/bin/cmake --build /ros_test/build/my_package -- -j20 -l20
[19.331s] Invoking command in '/ros_test/build/my_package': CMAKE_PREFIX_PATH=${CMAKE_PREFIX_PATH}:/opt/ros/foxy /usr/bin/cmake --install /ros_test/build/my_package
[19.494s] -- Install configuration: ""
[19.504s] -- Installing: /ros_test/install/my_package/lib/my_package/my_node
[19.568s] -- Installing: /ros_test/install/my_package/share/ament_index/resource_index/package_run_dependencies/my_package
[19.641s] -- Installing: /ros_test/install/my_package/share/ament_index/resource_index/parent_prefix_path/my_package
[19.732s] -- Installing: /ros_test/install/my_package/share/my_package/environment/ament_prefix_path.sh
[19.782s] -- Installing: /ros_test/install/my_package/share/my_package/environment/ament_prefix_path.dsv
[19.845s] -- Installing: /ros_test/install/my_package/share/my_package/environment/path.sh
[20.153s] -- Installing: /ros_test/install/my_package/share/my_package/environment/path.dsv
[20.310s] -- Installing: /ros_test/install/my_package/share/my_package/local_setup.bash
[20.355s] -- Installing: /ros_test/install/my_package/share/my_package/local_setup.sh
[20.395s] -- Installing: /ros_test/install/my_package/share/my_package/local_setup.zsh
[20.438s] -- Installing: /ros_test/install/my_package/share/my_package/local_setup.dsv
[20.474s] -- Installing: /ros_test/install/my_package/share/my_package/package.dsv
[20.532s] -- Installing: /ros_test/install/my_package/share/ament_index/resource_index/packages/my_package
[20.717s] -- Installing: /ros_test/install/my_package/share/my_package/cmake/my_packageConfig.cmake
[20.862s] -- Installing: /ros_test/install/my_package/share/my_package/cmake/my_packageConfig-version.cmake
[21.007s] -- Installing: /ros_test/install/my_package/share/my_package/package.xml
[21.049s] Invoked command in '/ros_test/build/my_package' returned '0': CMAKE_PREFIX_PATH=${CMAKE_PREFIX_PATH}:/opt/ros/foxy /usr/bin/cmake --install /ros_test/build/my_package
