[0.749s] DEBUG:colcon:Command line arguments: ['/usr/bin/colcon', 'build', '--packages-select', 'pog_pkg', '--symlink-install']
[0.749s] DEBUG:colcon:Parsed command line arguments: Namespace(ament_cmake_args=None, base_paths=['.'], build_base='build', catkin_cmake_args=None, catkin_skip_building_tests=False, cmake_args=None, cmake_clean_cache=False, cmake_clean_first=False, cmake_force_configure=False, cmake_target=None, cmake_target_skip_unavailable=False, continue_on_error=False, event_handlers=None, executor='parallel', ignore_user_meta=False, install_base='install', log_base=None, log_level=None, main=<bound method BuildVerb.main of <colcon_core.verb.build.BuildVerb object at 0x7fdf8478d0a0>>, merge_install=False, metas=['./colcon.meta'], mixin=None, mixin_files=None, mixin_verb=('build',), packages_above=None, packages_above_and_dependencies=None, packages_above_depth=None, packages_end=None, packages_ignore=None, packages_ignore_regex=None, packages_select=['pog_pkg'], packages_select_build_failed=False, packages_select_by_dep=None, packages_select_regex=None, packages_select_test_failures=False, packages_skip=None, packages_skip_build_finished=False, packages_skip_by_dep=None, packages_skip_regex=None, packages_skip_test_passed=False, packages_skip_up_to=None, packages_start=None, packages_up_to=None, packages_up_to_regex=None, parallel_workers=20, paths=None, symlink_install=True, test_result_base=None, verb_extension=<colcon_core.verb.build.BuildVerb object at 0x7fdf8478d0a0>, verb_name='build', verb_parser=<colcon_mixin.mixin.mixin_argument.MixinArgumentDecorator object at 0x7fdf8478d5e0>)
[0.830s] Level 1:colcon.colcon_core.package_discovery:discover_packages(colcon_meta) check parameters
[0.831s] Level 1:colcon.colcon_core.package_discovery:discover_packages(recursive) check parameters
[0.831s] Level 1:colcon.colcon_core.package_discovery:discover_packages(ignore) check parameters
[0.831s] Level 1:colcon.colcon_core.package_discovery:discover_packages(path) check parameters
[0.831s] Level 1:colcon.colcon_core.package_discovery:discover_packages(colcon_meta) discover
[0.832s] Level 1:colcon.colcon_core.package_discovery:discover_packages(recursive) discover
[0.832s] INFO:colcon.colcon_core.package_discovery:Crawling recursively for packages in '/ros_test'
[0.833s] Level 1:colcon.colcon_core.package_identification:_identify(.) by extensions ['ignore', 'ignore_ament_install']
[0.833s] Level 1:colcon.colcon_core.package_identification:_identify(.) by extension 'ignore'
[0.833s] Level 1:colcon.colcon_core.package_identification:_identify(.) by extension 'ignore_ament_install'
[0.834s] Level 1:colcon.colcon_core.package_identification:_identify(.) by extensions ['colcon_pkg']
[0.834s] Level 1:colcon.colcon_core.package_identification:_identify(.) by extension 'colcon_pkg'
[0.834s] Level 1:colcon.colcon_core.package_identification:_identify(.) by extensions ['colcon_meta']
[0.834s] Level 1:colcon.colcon_core.package_identification:_identify(.) by extension 'colcon_meta'
[0.835s] Level 1:colcon.colcon_core.package_identification:_identify(.) by extensions ['ros']
[0.835s] Level 1:colcon.colcon_core.package_identification:_identify(.) by extension 'ros'
[0.854s] Level 1:colcon.colcon_core.package_identification:_identify(.) by extensions ['cmake', 'python']
[0.854s] Level 1:colcon.colcon_core.package_identification:_identify(.) by extension 'cmake'
[0.855s] Level 1:colcon.colcon_core.package_identification:_identify(.) by extension 'python'
[0.855s] Level 1:colcon.colcon_core.package_identification:_identify(.) by extensions ['python_setup_py']
[0.855s] Level 1:colcon.colcon_core.package_identification:_identify(.) by extension 'python_setup_py'
[0.857s] Level 1:colcon.colcon_core.package_identification:_identify(build) by extensions ['ignore', 'ignore_ament_install']
[0.857s] Level 1:colcon.colcon_core.package_identification:_identify(build) by extension 'ignore'
[0.858s] Level 1:colcon.colcon_core.package_identification:_identify(build) ignored
[0.859s] Level 1:colcon.colcon_core.package_identification:_identify(install) by extensions ['ignore', 'ignore_ament_install']
[0.859s] Level 1:colcon.colcon_core.package_identification:_identify(install) by extension 'ignore'
[0.860s] Level 1:colcon.colcon_core.package_identification:_identify(install) ignored
[0.862s] Level 1:colcon.colcon_core.package_identification:_identify(log) by extensions ['ignore', 'ignore_ament_install']
[0.862s] Level 1:colcon.colcon_core.package_identification:_identify(log) by extension 'ignore'
[0.863s] Level 1:colcon.colcon_core.package_identification:_identify(log) ignored
[0.864s] Level 1:colcon.colcon_core.package_identification:_identify(ros_tutorials) by extensions ['ignore', 'ignore_ament_install']
[0.864s] Level 1:colcon.colcon_core.package_identification:_identify(ros_tutorials) by extension 'ignore'
[0.865s] Level 1:colcon.colcon_core.package_identification:_identify(ros_tutorials) by extension 'ignore_ament_install'
[0.866s] Level 1:colcon.colcon_core.package_identification:_identify(ros_tutorials) by extensions ['colcon_pkg']
[0.866s] Level 1:colcon.colcon_core.package_identification:_identify(ros_tutorials) by extension 'colcon_pkg'
[0.866s] Level 1:colcon.colcon_core.package_identification:_identify(ros_tutorials) by extensions ['colcon_meta']
[0.867s] Level 1:colcon.colcon_core.package_identification:_identify(ros_tutorials) by extension 'colcon_meta'
[0.867s] Level 1:colcon.colcon_core.package_identification:_identify(ros_tutorials) by extensions ['ros']
[0.867s] Level 1:colcon.colcon_core.package_identification:_identify(ros_tutorials) by extension 'ros'
[0.869s] Level 1:colcon.colcon_core.package_identification:_identify(ros_tutorials) by extensions ['cmake', 'python']
[0.869s] Level 1:colcon.colcon_core.package_identification:_identify(ros_tutorials) by extension 'cmake'
[0.870s] Level 1:colcon.colcon_core.package_identification:_identify(ros_tutorials) by extension 'python'
[0.870s] Level 1:colcon.colcon_core.package_identification:_identify(ros_tutorials) by extensions ['python_setup_py']
[0.870s] Level 1:colcon.colcon_core.package_identification:_identify(ros_tutorials) by extension 'python_setup_py'
[0.873s] Level 1:colcon.colcon_core.package_identification:_identify(ros_tutorials/build) by extensions ['ignore', 'ignore_ament_install']
[0.873s] Level 1:colcon.colcon_core.package_identification:_identify(ros_tutorials/build) by extension 'ignore'
[0.874s] Level 1:colcon.colcon_core.package_identification:_identify(ros_tutorials/build) ignored
[0.876s] Level 1:colcon.colcon_core.package_identification:_identify(ros_tutorials/install) by extensions ['ignore', 'ignore_ament_install']
[0.877s] Level 1:colcon.colcon_core.package_identification:_identify(ros_tutorials/install) by extension 'ignore'
[0.878s] Level 1:colcon.colcon_core.package_identification:_identify(ros_tutorials/install) ignored
[0.882s] Level 1:colcon.colcon_core.package_identification:_identify(ros_tutorials/log) by extensions ['ignore', 'ignore_ament_install']
[0.882s] Level 1:colcon.colcon_core.package_identification:_identify(ros_tutorials/log) by extension 'ignore'
[0.883s] Level 1:colcon.colcon_core.package_identification:_identify(ros_tutorials/log) ignored
[0.885s] Level 1:colcon.colcon_core.package_identification:_identify(ros_tutorials/ros_tutorials) by extensions ['ignore', 'ignore_ament_install']
[0.885s] Level 1:colcon.colcon_core.package_identification:_identify(ros_tutorials/ros_tutorials) by extension 'ignore'
[0.886s] Level 1:colcon.colcon_core.package_identification:_identify(ros_tutorials/ros_tutorials) ignored
[0.889s] Level 1:colcon.colcon_core.package_identification:_identify(ros_tutorials/roscpp_tutorials) by extensions ['ignore', 'ignore_ament_install']
[0.889s] Level 1:colcon.colcon_core.package_identification:_identify(ros_tutorials/roscpp_tutorials) by extension 'ignore'
[0.890s] Level 1:colcon.colcon_core.package_identification:_identify(ros_tutorials/roscpp_tutorials) ignored
[0.892s] Level 1:colcon.colcon_core.package_identification:_identify(ros_tutorials/rospy_tutorials) by extensions ['ignore', 'ignore_ament_install']
[0.892s] Level 1:colcon.colcon_core.package_identification:_identify(ros_tutorials/rospy_tutorials) by extension 'ignore'
[0.893s] Level 1:colcon.colcon_core.package_identification:_identify(ros_tutorials/rospy_tutorials) ignored
[0.895s] Level 1:colcon.colcon_core.package_identification:_identify(ros_tutorials/turtlesim) by extensions ['ignore', 'ignore_ament_install']
[0.896s] Level 1:colcon.colcon_core.package_identification:_identify(ros_tutorials/turtlesim) by extension 'ignore'
[0.896s] Level 1:colcon.colcon_core.package_identification:_identify(ros_tutorials/turtlesim) by extension 'ignore_ament_install'
[0.898s] Level 1:colcon.colcon_core.package_identification:_identify(ros_tutorials/turtlesim) by extensions ['colcon_pkg']
[0.898s] Level 1:colcon.colcon_core.package_identification:_identify(ros_tutorials/turtlesim) by extension 'colcon_pkg'
[0.899s] Level 1:colcon.colcon_core.package_identification:_identify(ros_tutorials/turtlesim) by extensions ['colcon_meta']
[0.899s] Level 1:colcon.colcon_core.package_identification:_identify(ros_tutorials/turtlesim) by extension 'colcon_meta'
[0.900s] Level 1:colcon.colcon_core.package_identification:_identify(ros_tutorials/turtlesim) by extensions ['ros']
[0.900s] Level 1:colcon.colcon_core.package_identification:_identify(ros_tutorials/turtlesim) by extension 'ros'
[0.909s] DEBUG:colcon.colcon_core.package_identification:Package 'ros_tutorials/turtlesim' with type 'ros.ament_cmake' and name 'turtlesim'
[0.910s] Level 1:colcon.colcon_core.package_identification:_identify(src) by extensions ['ignore', 'ignore_ament_install']
[0.911s] Level 1:colcon.colcon_core.package_identification:_identify(src) by extension 'ignore'
[0.911s] Level 1:colcon.colcon_core.package_identification:_identify(src) by extension 'ignore_ament_install'
[0.912s] Level 1:colcon.colcon_core.package_identification:_identify(src) by extensions ['colcon_pkg']
[0.912s] Level 1:colcon.colcon_core.package_identification:_identify(src) by extension 'colcon_pkg'
[0.912s] Level 1:colcon.colcon_core.package_identification:_identify(src) by extensions ['colcon_meta']
[0.913s] Level 1:colcon.colcon_core.package_identification:_identify(src) by extension 'colcon_meta'
[0.913s] Level 1:colcon.colcon_core.package_identification:_identify(src) by extensions ['ros']
[0.913s] Level 1:colcon.colcon_core.package_identification:_identify(src) by extension 'ros'
[0.915s] Level 1:colcon.colcon_core.package_identification:_identify(src) by extensions ['cmake', 'python']
[0.915s] Level 1:colcon.colcon_core.package_identification:_identify(src) by extension 'cmake'
[0.916s] Level 1:colcon.colcon_core.package_identification:_identify(src) by extension 'python'
[0.916s] Level 1:colcon.colcon_core.package_identification:_identify(src) by extensions ['python_setup_py']
[0.916s] Level 1:colcon.colcon_core.package_identification:_identify(src) by extension 'python_setup_py'
[0.919s] Level 1:colcon.colcon_core.package_identification:_identify(src/pog_pkg) by extensions ['ignore', 'ignore_ament_install']
[0.920s] Level 1:colcon.colcon_core.package_identification:_identify(src/pog_pkg) by extension 'ignore'
[0.920s] Level 1:colcon.colcon_core.package_identification:_identify(src/pog_pkg) by extension 'ignore_ament_install'
[0.922s] Level 1:colcon.colcon_core.package_identification:_identify(src/pog_pkg) by extensions ['colcon_pkg']
[0.922s] Level 1:colcon.colcon_core.package_identification:_identify(src/pog_pkg) by extension 'colcon_pkg'
[0.923s] Level 1:colcon.colcon_core.package_identification:_identify(src/pog_pkg) by extensions ['colcon_meta']
[0.923s] Level 1:colcon.colcon_core.package_identification:_identify(src/pog_pkg) by extension 'colcon_meta'
[0.924s] Level 1:colcon.colcon_core.package_identification:_identify(src/pog_pkg) by extensions ['ros']
[0.924s] Level 1:colcon.colcon_core.package_identification:_identify(src/pog_pkg) by extension 'ros'
[0.931s] DEBUG:colcon.colcon_core.package_identification:Package 'src/pog_pkg' with type 'ros.ament_python' and name 'pog_pkg'
[0.931s] Level 1:colcon.colcon_core.package_discovery:discover_packages(recursive) using defaults
[0.931s] Level 1:colcon.colcon_core.package_discovery:discover_packages(ignore) discover
[0.932s] Level 1:colcon.colcon_core.package_discovery:discover_packages(ignore) using defaults
[0.932s] Level 1:colcon.colcon_core.package_discovery:discover_packages(path) discover
[0.932s] Level 1:colcon.colcon_core.package_discovery:discover_packages(path) using defaults
[1.004s] INFO:colcon.colcon_core.package_selection:Skipping not selected package 'turtlesim' in 'ros_tutorials/turtlesim'
[1.005s] Level 5:colcon.colcon_core.verb:set package 'pog_pkg' build argument 'cmake_args' from command line to 'None'
[1.005s] Level 5:colcon.colcon_core.verb:set package 'pog_pkg' build argument 'cmake_target' from command line to 'None'
[1.005s] Level 5:colcon.colcon_core.verb:set package 'pog_pkg' build argument 'cmake_target_skip_unavailable' from command line to 'False'
[1.005s] Level 5:colcon.colcon_core.verb:set package 'pog_pkg' build argument 'cmake_clean_cache' from command line to 'False'
[1.006s] Level 5:colcon.colcon_core.verb:set package 'pog_pkg' build argument 'cmake_clean_first' from command line to 'False'
[1.006s] Level 5:colcon.colcon_core.verb:set package 'pog_pkg' build argument 'cmake_force_configure' from command line to 'False'
[1.006s] Level 5:colcon.colcon_core.verb:set package 'pog_pkg' build argument 'ament_cmake_args' from command line to 'None'
[1.006s] Level 5:colcon.colcon_core.verb:set package 'pog_pkg' build argument 'catkin_cmake_args' from command line to 'None'
[1.006s] Level 5:colcon.colcon_core.verb:set package 'pog_pkg' build argument 'catkin_skip_building_tests' from command line to 'False'
[1.006s] DEBUG:colcon.colcon_core.verb:Building package 'pog_pkg' with the following arguments: {'ament_cmake_args': None, 'build_base': '/ros_test/build/pog_pkg', 'catkin_cmake_args': None, 'catkin_skip_building_tests': False, 'cmake_args': None, 'cmake_clean_cache': False, 'cmake_clean_first': False, 'cmake_force_configure': False, 'cmake_target': None, 'cmake_target_skip_unavailable': False, 'install_base': '/ros_test/install/pog_pkg', 'merge_install': False, 'path': '/ros_test/src/pog_pkg', 'symlink_install': True, 'test_result_base': None}
[1.007s] INFO:colcon.colcon_core.executor:Executing jobs using 'parallel' executor
[1.009s] DEBUG:colcon.colcon_parallel_executor.executor.parallel:run_until_complete
[1.010s] INFO:colcon.colcon_ros.task.ament_python.build:Building ROS package in '/ros_test/src/pog_pkg' with build type 'ament_python'
[1.010s] Level 1:colcon.colcon_core.shell:create_environment_hook('pog_pkg', 'ament_prefix_path')
[1.025s] INFO:colcon.colcon_core.plugin_system:Skipping extension 'colcon_core.shell.bat': Not used on non-Windows systems
[1.025s] INFO:colcon.colcon_core.shell:Creating environment hook '/ros_test/install/pog_pkg/share/pog_pkg/hook/ament_prefix_path.ps1'
[1.038s] INFO:colcon.colcon_core.shell:Creating environment descriptor '/ros_test/install/pog_pkg/share/pog_pkg/hook/ament_prefix_path.dsv'
[1.049s] INFO:colcon.colcon_core.shell:Creating environment hook '/ros_test/install/pog_pkg/share/pog_pkg/hook/ament_prefix_path.sh'
[1.061s] INFO:colcon.colcon_core.shell:Skip shell extension 'powershell' for command environment: Not usable outside of PowerShell
[1.061s] DEBUG:colcon.colcon_core.shell:Skip shell extension 'dsv' for command environment
[2.258s] INFO:colcon.colcon_core.task.python.build:Building Python package in '/ros_test/src/pog_pkg'
[2.259s] INFO:colcon.colcon_core.shell:Skip shell extension 'powershell' for command environment: Not usable outside of PowerShell
[2.260s] DEBUG:colcon.colcon_core.shell:Skip shell extension 'dsv' for command environment
[4.344s] DEBUG:colcon.colcon_core.task.python.build:While undoing a previous installation files outside the Python library path are being ignored: /ros_test/install/pog_pkg/share/ament_index/resource_index/packages/pog_pkg
[4.346s] DEBUG:colcon.colcon_core.task.python.build:While undoing a previous installation files outside the Python library path are being ignored: /ros_test/install/pog_pkg/share/pog_pkg/package.xml
[4.393s] DEBUG:colcon.colcon_core.task.python.build:While undoing a previous installation files outside the Python library path are being ignored: /ros_test/install/pog_pkg/lib/pog_pkg/listener
[4.395s] DEBUG:colcon.colcon_core.task.python.build:While undoing a previous installation files outside the Python library path are being ignored: /ros_test/install/pog_pkg/lib/pog_pkg/talker
[4.443s] DEBUG:colcon.colcon_core.event_handler.log_command:Invoking command in '/ros_test/build/pog_pkg': PYTHONPATH=/ros_test/build/pog_pkg/prefix_override:/ros_test/install/pog_pkg/lib/python3.8/site-packages:${PYTHONPATH} /usr/bin/python3 setup.py develop --editable --build-directory /ros_test/build/pog_pkg/build --no-deps install_data
[6.385s] Level 1:colcon.colcon_core.shell:create_environment_hook('pog_pkg', 'pythonpath_develop')
[6.386s] INFO:colcon.colcon_core.shell:Creating environment hook '/ros_test/build/pog_pkg/share/pog_pkg/hook/pythonpath_develop.ps1'
[6.387s] DEBUG:colcon.colcon_core.event_handler.log_command:Invoked command in '/ros_test/build/pog_pkg' returned '0': PYTHONPATH=/ros_test/build/pog_pkg/prefix_override:/ros_test/install/pog_pkg/lib/python3.8/site-packages:${PYTHONPATH} /usr/bin/python3 setup.py develop --editable --build-directory /ros_test/build/pog_pkg/build --no-deps install_data
[6.401s] INFO:colcon.colcon_core.shell:Creating environment descriptor '/ros_test/build/pog_pkg/share/pog_pkg/hook/pythonpath_develop.dsv'
[6.434s] INFO:colcon.colcon_core.shell:Creating environment hook '/ros_test/build/pog_pkg/share/pog_pkg/hook/pythonpath_develop.sh'
[6.483s] Level 1:colcon.colcon_core.environment:checking '/ros_test/install/pog_pkg' for CMake module files
[6.558s] Level 1:colcon.colcon_core.environment:checking '/ros_test/install/pog_pkg' for CMake config files
[6.627s] Level 1:colcon.colcon_core.shell:create_environment_hook('pog_pkg', 'cmake_prefix_path')
[6.628s] INFO:colcon.colcon_core.shell:Creating environment hook '/ros_test/install/pog_pkg/share/pog_pkg/hook/cmake_prefix_path.ps1'
[6.675s] INFO:colcon.colcon_core.shell:Creating environment descriptor '/ros_test/install/pog_pkg/share/pog_pkg/hook/cmake_prefix_path.dsv'
[6.719s] INFO:colcon.colcon_core.shell:Creating environment hook '/ros_test/install/pog_pkg/share/pog_pkg/hook/cmake_prefix_path.sh'
[6.823s] Level 1:colcon.colcon_core.environment:checking '/ros_test/install/pog_pkg/lib'
[6.842s] Level 1:colcon.colcon_core.environment:checking '/ros_test/install/pog_pkg/bin'
[6.849s] Level 1:colcon.colcon_core.environment:checking '/ros_test/install/pog_pkg/lib/pkgconfig/pog_pkg.pc'
[6.855s] Level 1:colcon.colcon_core.environment:checking '/ros_test/install/pog_pkg/lib/python3.8/site-packages'
[6.863s] Level 1:colcon.colcon_core.shell:create_environment_hook('pog_pkg', 'pythonpath')
[6.866s] INFO:colcon.colcon_core.shell:Creating environment hook '/ros_test/install/pog_pkg/share/pog_pkg/hook/pythonpath.ps1'
[6.963s] INFO:colcon.colcon_core.shell:Creating environment descriptor '/ros_test/install/pog_pkg/share/pog_pkg/hook/pythonpath.dsv'
[7.071s] INFO:colcon.colcon_core.shell:Creating environment hook '/ros_test/install/pog_pkg/share/pog_pkg/hook/pythonpath.sh'
[7.086s] Level 1:colcon.colcon_core.environment:checking '/ros_test/install/pog_pkg/bin'
[7.088s] Level 1:colcon.colcon_core.environment:create_environment_scripts_only(pog_pkg)
[7.090s] INFO:colcon.colcon_core.shell:Creating package script '/ros_test/install/pog_pkg/share/pog_pkg/package.ps1'
[7.103s] INFO:colcon.colcon_core.shell:Creating package descriptor '/ros_test/install/pog_pkg/share/pog_pkg/package.dsv'
[7.116s] INFO:colcon.colcon_core.shell:Creating package script '/ros_test/install/pog_pkg/share/pog_pkg/package.sh'
[7.130s] INFO:colcon.colcon_core.shell:Creating package script '/ros_test/install/pog_pkg/share/pog_pkg/package.bash'
[7.162s] INFO:colcon.colcon_core.shell:Creating package script '/ros_test/install/pog_pkg/share/pog_pkg/package.zsh'
[7.182s] Level 1:colcon.colcon_core.environment:create_file_with_runtime_dependencies(/ros_test/install/pog_pkg/share/colcon-core/packages/pog_pkg)
[7.196s] DEBUG:colcon.colcon_parallel_executor.executor.parallel:closing loop
[7.197s] DEBUG:colcon.colcon_parallel_executor.executor.parallel:loop closed
[7.197s] DEBUG:colcon.colcon_parallel_executor.executor.parallel:run_until_complete finished with '0'
[7.198s] DEBUG:colcon.colcon_core.event_reactor:joining thread
[7.300s] INFO:colcon.colcon_core.plugin_system:Skipping extension 'colcon_notification.desktop_notification.notify_send': Could not find 'notify-send'
[7.301s] INFO:colcon.colcon_core.plugin_system:Skipping extension 'colcon_notification.desktop_notification.terminal_notifier': Not used on non-Darwin systems
[7.301s] INFO:colcon.colcon_core.plugin_system:Skipping extension 'colcon_notification.desktop_notification.win32': Not used on non-Windows systems
[7.301s] INFO:colcon.colcon_notification.desktop_notification:Sending desktop notification using 'notify2'
[7.303s] DEBUG:colcon.colcon_notification.desktop_notification.notify2:Failed to initialize notify2: org.freedesktop.DBus.Error.Spawn.ExecFailed: /usr/bin/dbus-launch terminated abnormally without any error message
[7.303s] DEBUG:colcon.colcon_core.event_reactor:joined thread
[7.304s] INFO:colcon.colcon_core.shell:Creating prefix script '/ros_test/install/local_setup.ps1'
[7.311s] INFO:colcon.colcon_core.shell:Creating prefix util module '/ros_test/install/_local_setup_util_ps1.py'
[7.317s] INFO:colcon.colcon_core.shell:Creating prefix chain script '/ros_test/install/setup.ps1'
[7.375s] INFO:colcon.colcon_core.shell:Creating prefix script '/ros_test/install/local_setup.sh'
[7.379s] INFO:colcon.colcon_core.shell:Creating prefix util module '/ros_test/install/_local_setup_util_sh.py'
[7.398s] INFO:colcon.colcon_core.shell:Creating prefix chain script '/ros_test/install/setup.sh'
[7.462s] INFO:colcon.colcon_core.shell:Creating prefix script '/ros_test/install/local_setup.bash'
[7.468s] INFO:colcon.colcon_core.shell:Creating prefix chain script '/ros_test/install/setup.bash'
[7.504s] INFO:colcon.colcon_core.shell:Creating prefix script '/ros_test/install/local_setup.zsh'
[7.519s] INFO:colcon.colcon_core.shell:Creating prefix chain script '/ros_test/install/setup.zsh'
