[0.564s] DEBUG:colcon:Command line arguments: ['/usr/bin/colcon', 'build', '--packages-select', 'pog_pkg']
[0.564s] DEBUG:colcon:Parsed command line arguments: Namespace(ament_cmake_args=None, base_paths=['.'], build_base='build', catkin_cmake_args=None, catkin_skip_building_tests=False, cmake_args=None, cmake_clean_cache=False, cmake_clean_first=False, cmake_force_configure=False, cmake_target=None, cmake_target_skip_unavailable=False, continue_on_error=False, event_handlers=None, executor='parallel', ignore_user_meta=False, install_base='install', log_base=None, log_level=None, main=<bound method BuildVerb.main of <colcon_core.verb.build.BuildVerb object at 0x7f6efc16b610>>, merge_install=False, metas=['./colcon.meta'], mixin=None, mixin_files=None, mixin_verb=('build',), packages_above=None, packages_above_and_dependencies=None, packages_above_depth=None, packages_end=None, packages_ignore=None, packages_ignore_regex=None, packages_select=['pog_pkg'], packages_select_build_failed=False, packages_select_by_dep=None, packages_select_regex=None, packages_select_test_failures=False, packages_skip=None, packages_skip_build_finished=False, packages_skip_by_dep=None, packages_skip_regex=None, packages_skip_test_passed=False, packages_skip_up_to=None, packages_start=None, packages_up_to=None, packages_up_to_regex=None, parallel_workers=20, paths=None, symlink_install=False, test_result_base=None, verb_extension=<colcon_core.verb.build.BuildVerb object at 0x7f6efc16b610>, verb_name='build', verb_parser=<colcon_mixin.mixin.mixin_argument.MixinArgumentDecorator object at 0x7f6efc16bc70>)
[0.746s] Level 1:colcon.colcon_core.package_discovery:discover_packages(colcon_meta) check parameters
[0.746s] Level 1:colcon.colcon_core.package_discovery:discover_packages(recursive) check parameters
[0.747s] Level 1:colcon.colcon_core.package_discovery:discover_packages(ignore) check parameters
[0.747s] Level 1:colcon.colcon_core.package_discovery:discover_packages(path) check parameters
[0.747s] Level 1:colcon.colcon_core.package_discovery:discover_packages(colcon_meta) discover
[0.747s] Level 1:colcon.colcon_core.package_discovery:discover_packages(recursive) discover
[0.747s] INFO:colcon.colcon_core.package_discovery:Crawling recursively for packages in '/ros_test'
[0.749s] Level 1:colcon.colcon_core.package_identification:_identify(.) by extensions ['ignore', 'ignore_ament_install']
[0.750s] Level 1:colcon.colcon_core.package_identification:_identify(.) by extension 'ignore'
[0.750s] Level 1:colcon.colcon_core.package_identification:_identify(.) by extension 'ignore_ament_install'
[0.751s] Level 1:colcon.colcon_core.package_identification:_identify(.) by extensions ['colcon_pkg']
[0.751s] Level 1:colcon.colcon_core.package_identification:_identify(.) by extension 'colcon_pkg'
[0.751s] Level 1:colcon.colcon_core.package_identification:_identify(.) by extensions ['colcon_meta']
[0.751s] Level 1:colcon.colcon_core.package_identification:_identify(.) by extension 'colcon_meta'
[0.752s] Level 1:colcon.colcon_core.package_identification:_identify(.) by extensions ['ros']
[0.752s] Level 1:colcon.colcon_core.package_identification:_identify(.) by extension 'ros'
[0.773s] Level 1:colcon.colcon_core.package_identification:_identify(.) by extensions ['cmake', 'python']
[0.773s] Level 1:colcon.colcon_core.package_identification:_identify(.) by extension 'cmake'
[0.773s] Level 1:colcon.colcon_core.package_identification:_identify(.) by extension 'python'
[0.774s] Level 1:colcon.colcon_core.package_identification:_identify(.) by extensions ['python_setup_py']
[0.774s] Level 1:colcon.colcon_core.package_identification:_identify(.) by extension 'python_setup_py'
[0.777s] Level 1:colcon.colcon_core.package_identification:_identify(build) by extensions ['ignore', 'ignore_ament_install']
[0.777s] Level 1:colcon.colcon_core.package_identification:_identify(build) by extension 'ignore'
[0.778s] Level 1:colcon.colcon_core.package_identification:_identify(build) ignored
[0.781s] Level 1:colcon.colcon_core.package_identification:_identify(install) by extensions ['ignore', 'ignore_ament_install']
[0.781s] Level 1:colcon.colcon_core.package_identification:_identify(install) by extension 'ignore'
[0.782s] Level 1:colcon.colcon_core.package_identification:_identify(install) ignored
[0.787s] Level 1:colcon.colcon_core.package_identification:_identify(log) by extensions ['ignore', 'ignore_ament_install']
[0.788s] Level 1:colcon.colcon_core.package_identification:_identify(log) by extension 'ignore'
[0.789s] Level 1:colcon.colcon_core.package_identification:_identify(log) ignored
[0.791s] Level 1:colcon.colcon_core.package_identification:_identify(ros_tutorials) by extensions ['ignore', 'ignore_ament_install']
[0.791s] Level 1:colcon.colcon_core.package_identification:_identify(ros_tutorials) by extension 'ignore'
[0.792s] Level 1:colcon.colcon_core.package_identification:_identify(ros_tutorials) by extension 'ignore_ament_install'
[0.793s] Level 1:colcon.colcon_core.package_identification:_identify(ros_tutorials) by extensions ['colcon_pkg']
[0.793s] Level 1:colcon.colcon_core.package_identification:_identify(ros_tutorials) by extension 'colcon_pkg'
[0.794s] Level 1:colcon.colcon_core.package_identification:_identify(ros_tutorials) by extensions ['colcon_meta']
[0.794s] Level 1:colcon.colcon_core.package_identification:_identify(ros_tutorials) by extension 'colcon_meta'
[0.795s] Level 1:colcon.colcon_core.package_identification:_identify(ros_tutorials) by extensions ['ros']
[0.795s] Level 1:colcon.colcon_core.package_identification:_identify(ros_tutorials) by extension 'ros'
[0.798s] Level 1:colcon.colcon_core.package_identification:_identify(ros_tutorials) by extensions ['cmake', 'python']
[0.798s] Level 1:colcon.colcon_core.package_identification:_identify(ros_tutorials) by extension 'cmake'
[0.800s] Level 1:colcon.colcon_core.package_identification:_identify(ros_tutorials) by extension 'python'
[0.801s] Level 1:colcon.colcon_core.package_identification:_identify(ros_tutorials) by extensions ['python_setup_py']
[0.801s] Level 1:colcon.colcon_core.package_identification:_identify(ros_tutorials) by extension 'python_setup_py'
[0.806s] Level 1:colcon.colcon_core.package_identification:_identify(ros_tutorials/build) by extensions ['ignore', 'ignore_ament_install']
[0.806s] Level 1:colcon.colcon_core.package_identification:_identify(ros_tutorials/build) by extension 'ignore'
[0.808s] Level 1:colcon.colcon_core.package_identification:_identify(ros_tutorials/build) ignored
[0.811s] Level 1:colcon.colcon_core.package_identification:_identify(ros_tutorials/install) by extensions ['ignore', 'ignore_ament_install']
[0.812s] Level 1:colcon.colcon_core.package_identification:_identify(ros_tutorials/install) by extension 'ignore'
[0.813s] Level 1:colcon.colcon_core.package_identification:_identify(ros_tutorials/install) ignored
[0.819s] Level 1:colcon.colcon_core.package_identification:_identify(ros_tutorials/log) by extensions ['ignore', 'ignore_ament_install']
[0.820s] Level 1:colcon.colcon_core.package_identification:_identify(ros_tutorials/log) by extension 'ignore'
[0.821s] Level 1:colcon.colcon_core.package_identification:_identify(ros_tutorials/log) ignored
[0.824s] Level 1:colcon.colcon_core.package_identification:_identify(ros_tutorials/ros_tutorials) by extensions ['ignore', 'ignore_ament_install']
[0.824s] Level 1:colcon.colcon_core.package_identification:_identify(ros_tutorials/ros_tutorials) by extension 'ignore'
[0.826s] Level 1:colcon.colcon_core.package_identification:_identify(ros_tutorials/ros_tutorials) ignored
[0.829s] Level 1:colcon.colcon_core.package_identification:_identify(ros_tutorials/roscpp_tutorials) by extensions ['ignore', 'ignore_ament_install']
[0.829s] Level 1:colcon.colcon_core.package_identification:_identify(ros_tutorials/roscpp_tutorials) by extension 'ignore'
[0.830s] Level 1:colcon.colcon_core.package_identification:_identify(ros_tutorials/roscpp_tutorials) ignored
[0.835s] Level 1:colcon.colcon_core.package_identification:_identify(ros_tutorials/rospy_tutorials) by extensions ['ignore', 'ignore_ament_install']
[0.835s] Level 1:colcon.colcon_core.package_identification:_identify(ros_tutorials/rospy_tutorials) by extension 'ignore'
[0.836s] Level 1:colcon.colcon_core.package_identification:_identify(ros_tutorials/rospy_tutorials) ignored
[0.840s] Level 1:colcon.colcon_core.package_identification:_identify(ros_tutorials/turtlesim) by extensions ['ignore', 'ignore_ament_install']
[0.840s] Level 1:colcon.colcon_core.package_identification:_identify(ros_tutorials/turtlesim) by extension 'ignore'
[0.841s] Level 1:colcon.colcon_core.package_identification:_identify(ros_tutorials/turtlesim) by extension 'ignore_ament_install'
[0.843s] Level 1:colcon.colcon_core.package_identification:_identify(ros_tutorials/turtlesim) by extensions ['colcon_pkg']
[0.843s] Level 1:colcon.colcon_core.package_identification:_identify(ros_tutorials/turtlesim) by extension 'colcon_pkg'
[0.844s] Level 1:colcon.colcon_core.package_identification:_identify(ros_tutorials/turtlesim) by extensions ['colcon_meta']
[0.844s] Level 1:colcon.colcon_core.package_identification:_identify(ros_tutorials/turtlesim) by extension 'colcon_meta'
[0.846s] Level 1:colcon.colcon_core.package_identification:_identify(ros_tutorials/turtlesim) by extensions ['ros']
[0.846s] Level 1:colcon.colcon_core.package_identification:_identify(ros_tutorials/turtlesim) by extension 'ros'
[0.860s] DEBUG:colcon.colcon_core.package_identification:Package 'ros_tutorials/turtlesim' with type 'ros.ament_cmake' and name 'turtlesim'
[0.862s] Level 1:colcon.colcon_core.package_identification:_identify(src) by extensions ['ignore', 'ignore_ament_install']
[0.863s] Level 1:colcon.colcon_core.package_identification:_identify(src) by extension 'ignore'
[0.863s] Level 1:colcon.colcon_core.package_identification:_identify(src) by extension 'ignore_ament_install'
[0.865s] Level 1:colcon.colcon_core.package_identification:_identify(src) by extensions ['colcon_pkg']
[0.865s] Level 1:colcon.colcon_core.package_identification:_identify(src) by extension 'colcon_pkg'
[0.866s] Level 1:colcon.colcon_core.package_identification:_identify(src) by extensions ['colcon_meta']
[0.866s] Level 1:colcon.colcon_core.package_identification:_identify(src) by extension 'colcon_meta'
[0.867s] Level 1:colcon.colcon_core.package_identification:_identify(src) by extensions ['ros']
[0.867s] Level 1:colcon.colcon_core.package_identification:_identify(src) by extension 'ros'
[0.870s] Level 1:colcon.colcon_core.package_identification:_identify(src) by extensions ['cmake', 'python']
[0.870s] Level 1:colcon.colcon_core.package_identification:_identify(src) by extension 'cmake'
[0.871s] Level 1:colcon.colcon_core.package_identification:_identify(src) by extension 'python'
[0.871s] Level 1:colcon.colcon_core.package_identification:_identify(src) by extensions ['python_setup_py']
[0.871s] Level 1:colcon.colcon_core.package_identification:_identify(src) by extension 'python_setup_py'
[0.875s] Level 1:colcon.colcon_core.package_identification:_identify(src/pog_pkg) by extensions ['ignore', 'ignore_ament_install']
[0.875s] Level 1:colcon.colcon_core.package_identification:_identify(src/pog_pkg) by extension 'ignore'
[0.876s] Level 1:colcon.colcon_core.package_identification:_identify(src/pog_pkg) by extension 'ignore_ament_install'
[0.878s] Level 1:colcon.colcon_core.package_identification:_identify(src/pog_pkg) by extensions ['colcon_pkg']
[0.879s] Level 1:colcon.colcon_core.package_identification:_identify(src/pog_pkg) by extension 'colcon_pkg'
[0.880s] Level 1:colcon.colcon_core.package_identification:_identify(src/pog_pkg) by extensions ['colcon_meta']
[0.880s] Level 1:colcon.colcon_core.package_identification:_identify(src/pog_pkg) by extension 'colcon_meta'
[0.881s] Level 1:colcon.colcon_core.package_identification:_identify(src/pog_pkg) by extensions ['ros']
[0.881s] Level 1:colcon.colcon_core.package_identification:_identify(src/pog_pkg) by extension 'ros'
[0.890s] DEBUG:colcon.colcon_core.package_identification:Package 'src/pog_pkg' with type 'ros.ament_cmake' and name 'pog_pkg'
[0.891s] Level 1:colcon.colcon_core.package_discovery:discover_packages(recursive) using defaults
[0.891s] Level 1:colcon.colcon_core.package_discovery:discover_packages(ignore) discover
[0.891s] Level 1:colcon.colcon_core.package_discovery:discover_packages(ignore) using defaults
[0.891s] Level 1:colcon.colcon_core.package_discovery:discover_packages(path) discover
[0.891s] Level 1:colcon.colcon_core.package_discovery:discover_packages(path) using defaults
[0.956s] INFO:colcon.colcon_core.package_selection:Skipping not selected package 'turtlesim' in 'ros_tutorials/turtlesim'
[0.957s] Level 5:colcon.colcon_core.verb:set package 'pog_pkg' build argument 'cmake_args' from command line to 'None'
[0.958s] Level 5:colcon.colcon_core.verb:set package 'pog_pkg' build argument 'cmake_target' from command line to 'None'
[0.958s] Level 5:colcon.colcon_core.verb:set package 'pog_pkg' build argument 'cmake_target_skip_unavailable' from command line to 'False'
[0.958s] Level 5:colcon.colcon_core.verb:set package 'pog_pkg' build argument 'cmake_clean_cache' from command line to 'False'
[0.958s] Level 5:colcon.colcon_core.verb:set package 'pog_pkg' build argument 'cmake_clean_first' from command line to 'False'
[0.958s] Level 5:colcon.colcon_core.verb:set package 'pog_pkg' build argument 'cmake_force_configure' from command line to 'False'
[0.958s] Level 5:colcon.colcon_core.verb:set package 'pog_pkg' build argument 'ament_cmake_args' from command line to 'None'
[0.958s] Level 5:colcon.colcon_core.verb:set package 'pog_pkg' build argument 'catkin_cmake_args' from command line to 'None'
[0.959s] Level 5:colcon.colcon_core.verb:set package 'pog_pkg' build argument 'catkin_skip_building_tests' from command line to 'False'
[0.959s] DEBUG:colcon.colcon_core.verb:Building package 'pog_pkg' with the following arguments: {'ament_cmake_args': None, 'build_base': '/ros_test/build/pog_pkg', 'catkin_cmake_args': None, 'catkin_skip_building_tests': False, 'cmake_args': None, 'cmake_clean_cache': False, 'cmake_clean_first': False, 'cmake_force_configure': False, 'cmake_target': None, 'cmake_target_skip_unavailable': False, 'install_base': '/ros_test/install/pog_pkg', 'merge_install': False, 'path': '/ros_test/src/pog_pkg', 'symlink_install': False, 'test_result_base': None}
[0.959s] INFO:colcon.colcon_core.executor:Executing jobs using 'parallel' executor
[0.962s] DEBUG:colcon.colcon_parallel_executor.executor.parallel:run_until_complete
[0.963s] INFO:colcon.colcon_ros.task.ament_cmake.build:Building ROS package in '/ros_test/src/pog_pkg' with build type 'ament_cmake'
[0.964s] INFO:colcon.colcon_cmake.task.cmake.build:Building CMake package in '/ros_test/src/pog_pkg'
[0.977s] INFO:colcon.colcon_core.plugin_system:Skipping extension 'colcon_core.shell.bat': Not used on non-Windows systems
[0.977s] INFO:colcon.colcon_core.shell:Skip shell extension 'powershell' for command environment: Not usable outside of PowerShell
[0.978s] DEBUG:colcon.colcon_core.shell:Skip shell extension 'dsv' for command environment
[1.223s] DEBUG:colcon.colcon_core.event_handler.log_command:Invoking command in '/ros_test/build/pog_pkg': CMAKE_PREFIX_PATH=${CMAKE_PREFIX_PATH}:/opt/ros/foxy /usr/bin/cmake /ros_test/src/pog_pkg -DCMAKE_INSTALL_PREFIX=/ros_test/install/pog_pkg
[17.248s] DEBUG:colcon.colcon_core.event_handler.log_command:Invoked command in '/ros_test/build/pog_pkg' returned '0': CMAKE_PREFIX_PATH=${CMAKE_PREFIX_PATH}:/opt/ros/foxy /usr/bin/cmake /ros_test/src/pog_pkg -DCMAKE_INSTALL_PREFIX=/ros_test/install/pog_pkg
[17.259s] DEBUG:colcon.colcon_core.event_handler.log_command:Invoking command in '/ros_test/build/pog_pkg': CMAKE_PREFIX_PATH=${CMAKE_PREFIX_PATH}:/opt/ros/foxy /usr/bin/cmake --build /ros_test/build/pog_pkg -- -j20 -l20
[19.197s] DEBUG:colcon.colcon_core.event_handler.log_command:Invoked command in '/ros_test/build/pog_pkg' returned '0': CMAKE_PREFIX_PATH=${CMAKE_PREFIX_PATH}:/opt/ros/foxy /usr/bin/cmake --build /ros_test/build/pog_pkg -- -j20 -l20
[20.553s] DEBUG:colcon.colcon_core.event_handler.log_command:Invoking command in '/ros_test/build/pog_pkg': CMAKE_PREFIX_PATH=${CMAKE_PREFIX_PATH}:/opt/ros/foxy /usr/bin/cmake --install /ros_test/build/pog_pkg
[22.145s] Level 1:colcon.colcon_core.environment:create_environment_scripts_only(pog_pkg)
[22.148s] DEBUG:colcon.colcon_core.event_handler.log_command:Invoked command in '/ros_test/build/pog_pkg' returned '0': CMAKE_PREFIX_PATH=${CMAKE_PREFIX_PATH}:/opt/ros/foxy /usr/bin/cmake --install /ros_test/build/pog_pkg
[22.195s] Level 1:colcon.colcon_core.environment:checking '/ros_test/install/pog_pkg' for CMake module files
[22.428s] Level 1:colcon.colcon_core.environment:checking '/ros_test/install/pog_pkg' for CMake config files
[22.474s] Level 1:colcon.colcon_core.shell:create_environment_hook('pog_pkg', 'cmake_prefix_path')
[22.476s] INFO:colcon.colcon_core.shell:Creating environment hook '/ros_test/install/pog_pkg/share/pog_pkg/hook/cmake_prefix_path.ps1'
[22.487s] INFO:colcon.colcon_core.shell:Creating environment descriptor '/ros_test/install/pog_pkg/share/pog_pkg/hook/cmake_prefix_path.dsv'
[22.503s] INFO:colcon.colcon_core.shell:Creating environment hook '/ros_test/install/pog_pkg/share/pog_pkg/hook/cmake_prefix_path.sh'
[22.535s] Level 1:colcon.colcon_core.environment:checking '/ros_test/install/pog_pkg/bin'
[22.536s] Level 1:colcon.colcon_core.environment:checking '/ros_test/install/pog_pkg/lib/pkgconfig/pog_pkg.pc'
[22.545s] Level 1:colcon.colcon_core.environment:checking '/ros_test/install/pog_pkg/lib/python3.8/site-packages'
[22.547s] Level 1:colcon.colcon_core.environment:checking '/ros_test/install/pog_pkg/bin'
[22.550s] INFO:colcon.colcon_core.shell:Creating package script '/ros_test/install/pog_pkg/share/pog_pkg/package.ps1'
[22.562s] INFO:colcon.colcon_core.shell:Creating package descriptor '/ros_test/install/pog_pkg/share/pog_pkg/package.dsv'
[22.593s] INFO:colcon.colcon_core.shell:Creating package script '/ros_test/install/pog_pkg/share/pog_pkg/package.sh'
[22.607s] INFO:colcon.colcon_core.shell:Creating package script '/ros_test/install/pog_pkg/share/pog_pkg/package.bash'
[22.639s] INFO:colcon.colcon_core.shell:Creating package script '/ros_test/install/pog_pkg/share/pog_pkg/package.zsh'
[22.656s] Level 1:colcon.colcon_core.environment:create_file_with_runtime_dependencies(/ros_test/install/pog_pkg/share/colcon-core/packages/pog_pkg)
[23.923s] Level 1:colcon.colcon_core.environment:create_environment_scripts_only(pog_pkg)
[23.924s] Level 1:colcon.colcon_core.environment:checking '/ros_test/install/pog_pkg' for CMake module files
[23.980s] Level 1:colcon.colcon_core.environment:checking '/ros_test/install/pog_pkg' for CMake config files
[24.021s] Level 1:colcon.colcon_core.shell:create_environment_hook('pog_pkg', 'cmake_prefix_path')
[24.022s] INFO:colcon.colcon_core.shell:Creating environment hook '/ros_test/install/pog_pkg/share/pog_pkg/hook/cmake_prefix_path.ps1'
[24.033s] INFO:colcon.colcon_core.shell:Creating environment descriptor '/ros_test/install/pog_pkg/share/pog_pkg/hook/cmake_prefix_path.dsv'
[24.042s] INFO:colcon.colcon_core.shell:Creating environment hook '/ros_test/install/pog_pkg/share/pog_pkg/hook/cmake_prefix_path.sh'
[24.053s] Level 1:colcon.colcon_core.environment:checking '/ros_test/install/pog_pkg/bin'
[24.054s] Level 1:colcon.colcon_core.environment:checking '/ros_test/install/pog_pkg/lib/pkgconfig/pog_pkg.pc'
[24.055s] Level 1:colcon.colcon_core.environment:checking '/ros_test/install/pog_pkg/lib/python3.8/site-packages'
[24.057s] Level 1:colcon.colcon_core.environment:checking '/ros_test/install/pog_pkg/bin'
[24.058s] INFO:colcon.colcon_core.shell:Creating package script '/ros_test/install/pog_pkg/share/pog_pkg/package.ps1'
[24.068s] INFO:colcon.colcon_core.shell:Creating package descriptor '/ros_test/install/pog_pkg/share/pog_pkg/package.dsv'
[24.076s] INFO:colcon.colcon_core.shell:Creating package script '/ros_test/install/pog_pkg/share/pog_pkg/package.sh'
[24.083s] INFO:colcon.colcon_core.shell:Creating package script '/ros_test/install/pog_pkg/share/pog_pkg/package.bash'
[24.100s] INFO:colcon.colcon_core.shell:Creating package script '/ros_test/install/pog_pkg/share/pog_pkg/package.zsh'
[24.118s] Level 1:colcon.colcon_core.environment:create_file_with_runtime_dependencies(/ros_test/install/pog_pkg/share/colcon-core/packages/pog_pkg)
[24.136s] DEBUG:colcon.colcon_parallel_executor.executor.parallel:closing loop
[24.136s] DEBUG:colcon.colcon_parallel_executor.executor.parallel:loop closed
[24.136s] DEBUG:colcon.colcon_parallel_executor.executor.parallel:run_until_complete finished with '0'
[24.137s] DEBUG:colcon.colcon_core.event_reactor:joining thread
[24.222s] INFO:colcon.colcon_core.plugin_system:Skipping extension 'colcon_notification.desktop_notification.notify_send': Could not find 'notify-send'
[24.222s] INFO:colcon.colcon_core.plugin_system:Skipping extension 'colcon_notification.desktop_notification.terminal_notifier': Not used on non-Darwin systems
[24.222s] INFO:colcon.colcon_core.plugin_system:Skipping extension 'colcon_notification.desktop_notification.win32': Not used on non-Windows systems
[24.222s] INFO:colcon.colcon_notification.desktop_notification:Sending desktop notification using 'notify2'
[24.224s] DEBUG:colcon.colcon_notification.desktop_notification.notify2:Failed to initialize notify2: org.freedesktop.DBus.Error.Spawn.ExecFailed: /usr/bin/dbus-launch terminated abnormally without any error message
[24.224s] DEBUG:colcon.colcon_core.event_reactor:joined thread
[24.226s] INFO:colcon.colcon_core.shell:Creating prefix script '/ros_test/install/local_setup.ps1'
[24.232s] INFO:colcon.colcon_core.shell:Creating prefix util module '/ros_test/install/_local_setup_util_ps1.py'
[24.240s] INFO:colcon.colcon_core.shell:Creating prefix chain script '/ros_test/install/setup.ps1'
[24.269s] INFO:colcon.colcon_core.shell:Creating prefix script '/ros_test/install/local_setup.sh'
[24.283s] INFO:colcon.colcon_core.shell:Creating prefix util module '/ros_test/install/_local_setup_util_sh.py'
[24.288s] INFO:colcon.colcon_core.shell:Creating prefix chain script '/ros_test/install/setup.sh'
[24.318s] INFO:colcon.colcon_core.shell:Creating prefix script '/ros_test/install/local_setup.bash'
[24.322s] INFO:colcon.colcon_core.shell:Creating prefix chain script '/ros_test/install/setup.bash'
[24.343s] INFO:colcon.colcon_core.shell:Creating prefix script '/ros_test/install/local_setup.zsh'
[24.347s] INFO:colcon.colcon_core.shell:Creating prefix chain script '/ros_test/install/setup.zsh'
