[0.256s] Invoking command in '/ros_test/build/pog_pkg': CMAKE_PREFIX_PATH=${CMAKE_PREFIX_PATH}:/opt/ros/foxy /usr/bin/cmake /ros_test/src/pog_pkg -DCMAKE_INSTALL_PREFIX=/ros_test/install/pog_pkg
[1.919s] -- The C compiler identification is GNU 9.4.0
[2.503s] -- The CXX compiler identification is GNU 9.4.0
[2.629s] -- Check for working C compiler: /usr/bin/cc
[4.781s] -- Check for working C compiler: /usr/bin/cc -- works
[4.786s] -- Detecting C compiler ABI info
[6.831s] -- Detecting C compiler ABI info - done
[6.867s] -- Detecting C compile features
[6.868s] -- Detecting C compile features - done
[6.914s] -- Check for working CXX compiler: /usr/bin/c++
[8.969s] -- Check for working CXX compiler: /usr/bin/c++ -- works
[8.974s] -- Detecting CXX compiler ABI info
[11.008s] -- Detecting CXX compiler ABI info - done
[11.035s] -- Detecting CXX compile features
[11.037s] -- Detecting CXX compile features - done
[11.184s] -- Found ament_cmake: 0.9.12 (/opt/ros/foxy/share/ament_cmake/cmake)
[11.597s] -- Found PythonInterp: /usr/bin/python3 (found suitable version "3.8.10", minimum required is "3") 
[11.597s] -- Using PYTHON_EXECUTABLE: /usr/bin/python3
[13.274s] -- Found ament_lint_auto: 0.9.8 (/opt/ros/foxy/share/ament_lint_auto/cmake)
[14.614s] -- Added test 'copyright' to check source files copyright and LICENSE
[15.251s] -- Added test 'lint_cmake' to check CMake code style
[15.470s] -- Added test 'xmllint' to check XML markup files
[15.603s] -- Configuring done
[16.163s] -- Generating done
[16.277s] -- Build files have been written to: /ros_test/build/pog_pkg
[16.281s] Invoked command in '/ros_test/build/pog_pkg' returned '0': CMAKE_PREFIX_PATH=${CMAKE_PREFIX_PATH}:/opt/ros/foxy /usr/bin/cmake /ros_test/src/pog_pkg -DCMAKE_INSTALL_PREFIX=/ros_test/install/pog_pkg
[16.291s] Invoking command in '/ros_test/build/pog_pkg': CMAKE_PREFIX_PATH=${CMAKE_PREFIX_PATH}:/opt/ros/foxy /usr/bin/cmake --build /ros_test/build/pog_pkg -- -j20 -l20
[18.230s] Invoked command in '/ros_test/build/pog_pkg' returned '0': CMAKE_PREFIX_PATH=${CMAKE_PREFIX_PATH}:/opt/ros/foxy /usr/bin/cmake --build /ros_test/build/pog_pkg -- -j20 -l20
[19.585s] Invoking command in '/ros_test/build/pog_pkg': CMAKE_PREFIX_PATH=${CMAKE_PREFIX_PATH}:/opt/ros/foxy /usr/bin/cmake --install /ros_test/build/pog_pkg
[19.805s] -- Install configuration: ""
[19.954s] -- Installing: /ros_test/install/pog_pkg/share/ament_index/resource_index/package_run_dependencies/pog_pkg
[20.067s] -- Installing: /ros_test/install/pog_pkg/share/ament_index/resource_index/parent_prefix_path/pog_pkg
[20.154s] -- Installing: /ros_test/install/pog_pkg/share/pog_pkg/environment/ament_prefix_path.sh
[20.208s] -- Installing: /ros_test/install/pog_pkg/share/pog_pkg/environment/ament_prefix_path.dsv
[20.256s] -- Installing: /ros_test/install/pog_pkg/share/pog_pkg/environment/path.sh
[20.304s] -- Installing: /ros_test/install/pog_pkg/share/pog_pkg/environment/path.dsv
[20.357s] -- Installing: /ros_test/install/pog_pkg/share/pog_pkg/local_setup.bash
[20.403s] -- Installing: /ros_test/install/pog_pkg/share/pog_pkg/local_setup.sh
[20.452s] -- Installing: /ros_test/install/pog_pkg/share/pog_pkg/local_setup.zsh
[20.498s] -- Installing: /ros_test/install/pog_pkg/share/pog_pkg/local_setup.dsv
[20.545s] -- Installing: /ros_test/install/pog_pkg/share/pog_pkg/package.dsv
[20.611s] -- Installing: /ros_test/install/pog_pkg/share/ament_index/resource_index/packages/pog_pkg
[20.686s] -- Installing: /ros_test/install/pog_pkg/share/pog_pkg/cmake/pog_pkgConfig.cmake
[20.739s] -- Installing: /ros_test/install/pog_pkg/share/pog_pkg/cmake/pog_pkgConfig-version.cmake
[20.815s] -- Installing: /ros_test/install/pog_pkg/share/pog_pkg/package.xml
[21.180s] Invoked command in '/ros_test/build/pog_pkg' returned '0': CMAKE_PREFIX_PATH=${CMAKE_PREFIX_PATH}:/opt/ros/foxy /usr/bin/cmake --install /ros_test/build/pog_pkg
