[0.260s] DEBUG:colcon:Command line arguments: ['/usr/bin/colcon', 'build', '--symlink-install']
[0.260s] DEBUG:colcon:Parsed command line arguments: Namespace(ament_cmake_args=None, base_paths=['.'], build_base='build', catkin_cmake_args=None, catkin_skip_building_tests=False, cmake_args=None, cmake_clean_cache=False, cmake_clean_first=False, cmake_force_configure=False, cmake_target=None, cmake_target_skip_unavailable=False, continue_on_error=False, event_handlers=None, executor='parallel', ignore_user_meta=False, install_base='install', log_base=None, log_level=None, main=<bound method BuildVerb.main of <colcon_core.verb.build.BuildVerb object at 0x7fc4cc9883d0>>, merge_install=False, metas=['./colcon.meta'], mixin=None, mixin_files=None, mixin_verb=('build',), packages_above=None, packages_above_and_dependencies=None, packages_above_depth=None, packages_end=None, packages_ignore=None, packages_ignore_regex=None, packages_select=None, packages_select_build_failed=False, packages_select_by_dep=None, packages_select_regex=None, packages_select_test_failures=False, packages_skip=None, packages_skip_build_finished=False, packages_skip_by_dep=None, packages_skip_regex=None, packages_skip_test_passed=False, packages_skip_up_to=None, packages_start=None, packages_up_to=None, packages_up_to_regex=None, parallel_workers=20, paths=None, symlink_install=True, test_result_base=None, verb_extension=<colcon_core.verb.build.BuildVerb object at 0x7fc4cc9883d0>, verb_name='build', verb_parser=<colcon_mixin.mixin.mixin_argument.MixinArgumentDecorator object at 0x7fc4cc988a30>)
[0.331s] Level 1:colcon.colcon_core.package_discovery:discover_packages(colcon_meta) check parameters
[0.332s] Level 1:colcon.colcon_core.package_discovery:discover_packages(recursive) check parameters
[0.333s] Level 1:colcon.colcon_core.package_discovery:discover_packages(ignore) check parameters
[0.333s] Level 1:colcon.colcon_core.package_discovery:discover_packages(path) check parameters
[0.333s] Level 1:colcon.colcon_core.package_discovery:discover_packages(colcon_meta) discover
[0.334s] Level 1:colcon.colcon_core.package_discovery:discover_packages(recursive) discover
[0.334s] INFO:colcon.colcon_core.package_discovery:Crawling recursively for packages in '/ros_test/ros_tutorials'
[0.337s] Level 1:colcon.colcon_core.package_identification:_identify(.) by extensions ['ignore', 'ignore_ament_install']
[0.337s] Level 1:colcon.colcon_core.package_identification:_identify(.) by extension 'ignore'
[0.338s] Level 1:colcon.colcon_core.package_identification:_identify(.) by extension 'ignore_ament_install'
[0.339s] Level 1:colcon.colcon_core.package_identification:_identify(.) by extensions ['colcon_pkg']
[0.339s] Level 1:colcon.colcon_core.package_identification:_identify(.) by extension 'colcon_pkg'
[0.340s] Level 1:colcon.colcon_core.package_identification:_identify(.) by extensions ['colcon_meta']
[0.340s] Level 1:colcon.colcon_core.package_identification:_identify(.) by extension 'colcon_meta'
[0.341s] Level 1:colcon.colcon_core.package_identification:_identify(.) by extensions ['ros']
[0.341s] Level 1:colcon.colcon_core.package_identification:_identify(.) by extension 'ros'
[0.359s] Level 1:colcon.colcon_core.package_identification:_identify(.) by extensions ['cmake', 'python']
[0.359s] Level 1:colcon.colcon_core.package_identification:_identify(.) by extension 'cmake'
[0.360s] Level 1:colcon.colcon_core.package_identification:_identify(.) by extension 'python'
[0.361s] Level 1:colcon.colcon_core.package_identification:_identify(.) by extensions ['python_setup_py']
[0.361s] Level 1:colcon.colcon_core.package_identification:_identify(.) by extension 'python_setup_py'
[0.367s] Level 1:colcon.colcon_core.package_identification:_identify(build) by extensions ['ignore', 'ignore_ament_install']
[0.367s] Level 1:colcon.colcon_core.package_identification:_identify(build) by extension 'ignore'
[0.368s] Level 1:colcon.colcon_core.package_identification:_identify(build) ignored
[0.370s] Level 1:colcon.colcon_core.package_identification:_identify(install) by extensions ['ignore', 'ignore_ament_install']
[0.370s] Level 1:colcon.colcon_core.package_identification:_identify(install) by extension 'ignore'
[0.371s] Level 1:colcon.colcon_core.package_identification:_identify(install) ignored
[0.374s] Level 1:colcon.colcon_core.package_identification:_identify(log) by extensions ['ignore', 'ignore_ament_install']
[0.374s] Level 1:colcon.colcon_core.package_identification:_identify(log) by extension 'ignore'
[0.375s] Level 1:colcon.colcon_core.package_identification:_identify(log) ignored
[0.377s] Level 1:colcon.colcon_core.package_identification:_identify(ros_tutorials) by extensions ['ignore', 'ignore_ament_install']
[0.377s] Level 1:colcon.colcon_core.package_identification:_identify(ros_tutorials) by extension 'ignore'
[0.378s] Level 1:colcon.colcon_core.package_identification:_identify(ros_tutorials) ignored
[0.380s] Level 1:colcon.colcon_core.package_identification:_identify(roscpp_tutorials) by extensions ['ignore', 'ignore_ament_install']
[0.380s] Level 1:colcon.colcon_core.package_identification:_identify(roscpp_tutorials) by extension 'ignore'
[0.381s] Level 1:colcon.colcon_core.package_identification:_identify(roscpp_tutorials) ignored
[0.383s] Level 1:colcon.colcon_core.package_identification:_identify(rospy_tutorials) by extensions ['ignore', 'ignore_ament_install']
[0.383s] Level 1:colcon.colcon_core.package_identification:_identify(rospy_tutorials) by extension 'ignore'
[0.384s] Level 1:colcon.colcon_core.package_identification:_identify(rospy_tutorials) ignored
[0.386s] Level 1:colcon.colcon_core.package_identification:_identify(turtlesim) by extensions ['ignore', 'ignore_ament_install']
[0.386s] Level 1:colcon.colcon_core.package_identification:_identify(turtlesim) by extension 'ignore'
[0.387s] Level 1:colcon.colcon_core.package_identification:_identify(turtlesim) by extension 'ignore_ament_install'
[0.388s] Level 1:colcon.colcon_core.package_identification:_identify(turtlesim) by extensions ['colcon_pkg']
[0.388s] Level 1:colcon.colcon_core.package_identification:_identify(turtlesim) by extension 'colcon_pkg'
[0.389s] Level 1:colcon.colcon_core.package_identification:_identify(turtlesim) by extensions ['colcon_meta']
[0.389s] Level 1:colcon.colcon_core.package_identification:_identify(turtlesim) by extension 'colcon_meta'
[0.389s] Level 1:colcon.colcon_core.package_identification:_identify(turtlesim) by extensions ['ros']
[0.389s] Level 1:colcon.colcon_core.package_identification:_identify(turtlesim) by extension 'ros'
[0.397s] DEBUG:colcon.colcon_core.package_identification:Package 'turtlesim' with type 'ros.ament_cmake' and name 'turtlesim'
[0.398s] Level 1:colcon.colcon_core.package_discovery:discover_packages(recursive) using defaults
[0.398s] Level 1:colcon.colcon_core.package_discovery:discover_packages(ignore) discover
[0.398s] Level 1:colcon.colcon_core.package_discovery:discover_packages(ignore) using defaults
[0.398s] Level 1:colcon.colcon_core.package_discovery:discover_packages(path) discover
[0.398s] Level 1:colcon.colcon_core.package_discovery:discover_packages(path) using defaults
[0.420s] Level 5:colcon.colcon_core.verb:set package 'turtlesim' build argument 'cmake_args' from command line to 'None'
[0.420s] Level 5:colcon.colcon_core.verb:set package 'turtlesim' build argument 'cmake_target' from command line to 'None'
[0.420s] Level 5:colcon.colcon_core.verb:set package 'turtlesim' build argument 'cmake_target_skip_unavailable' from command line to 'False'
[0.421s] Level 5:colcon.colcon_core.verb:set package 'turtlesim' build argument 'cmake_clean_cache' from command line to 'False'
[0.422s] Level 5:colcon.colcon_core.verb:set package 'turtlesim' build argument 'cmake_clean_first' from command line to 'False'
[0.422s] Level 5:colcon.colcon_core.verb:set package 'turtlesim' build argument 'cmake_force_configure' from command line to 'False'
[0.423s] Level 5:colcon.colcon_core.verb:set package 'turtlesim' build argument 'ament_cmake_args' from command line to 'None'
[0.423s] Level 5:colcon.colcon_core.verb:set package 'turtlesim' build argument 'catkin_cmake_args' from command line to 'None'
[0.423s] Level 5:colcon.colcon_core.verb:set package 'turtlesim' build argument 'catkin_skip_building_tests' from command line to 'False'
[0.424s] DEBUG:colcon.colcon_core.verb:Building package 'turtlesim' with the following arguments: {'ament_cmake_args': None, 'build_base': '/ros_test/ros_tutorials/build/turtlesim', 'catkin_cmake_args': None, 'catkin_skip_building_tests': False, 'cmake_args': None, 'cmake_clean_cache': False, 'cmake_clean_first': False, 'cmake_force_configure': False, 'cmake_target': None, 'cmake_target_skip_unavailable': False, 'install_base': '/ros_test/ros_tutorials/install/turtlesim', 'merge_install': False, 'path': '/ros_test/ros_tutorials/turtlesim', 'symlink_install': True, 'test_result_base': None}
[0.424s] INFO:colcon.colcon_core.executor:Executing jobs using 'parallel' executor
[0.427s] DEBUG:colcon.colcon_parallel_executor.executor.parallel:run_until_complete
[0.428s] INFO:colcon.colcon_ros.task.ament_cmake.build:Building ROS package in '/ros_test/ros_tutorials/turtlesim' with build type 'ament_cmake'
[0.428s] INFO:colcon.colcon_cmake.task.cmake.build:Building CMake package in '/ros_test/ros_tutorials/turtlesim'
[0.434s] INFO:colcon.colcon_core.plugin_system:Skipping extension 'colcon_core.shell.bat': Not used on non-Windows systems
[0.435s] INFO:colcon.colcon_core.shell:Skip shell extension 'powershell' for command environment: Not usable outside of PowerShell
[0.435s] DEBUG:colcon.colcon_core.shell:Skip shell extension 'dsv' for command environment
[0.510s] DEBUG:colcon.colcon_core.event_handler.log_command:Invoking command in '/ros_test/ros_tutorials/build/turtlesim': CMAKE_PREFIX_PATH=/opt/ros/foxy /usr/bin/cmake /ros_test/ros_tutorials/turtlesim -DAMENT_CMAKE_SYMLINK_INSTALL=1 -DCMAKE_INSTALL_PREFIX=/ros_test/ros_tutorials/install/turtlesim
[26.423s] DEBUG:colcon.colcon_core.event_handler.log_command:Invoked command in '/ros_test/ros_tutorials/build/turtlesim' returned '0': CMAKE_PREFIX_PATH=/opt/ros/foxy /usr/bin/cmake /ros_test/ros_tutorials/turtlesim -DAMENT_CMAKE_SYMLINK_INSTALL=1 -DCMAKE_INSTALL_PREFIX=/ros_test/ros_tutorials/install/turtlesim
[26.576s] DEBUG:colcon.colcon_core.event_handler.log_command:Invoking command in '/ros_test/ros_tutorials/build/turtlesim': CMAKE_PREFIX_PATH=/opt/ros/foxy /usr/bin/cmake --build /ros_test/ros_tutorials/build/turtlesim -- -j20 -l20
[73.847s] DEBUG:colcon.colcon_core.event_handler.log_command:Invoked command in '/ros_test/ros_tutorials/build/turtlesim' returned '0': CMAKE_PREFIX_PATH=/opt/ros/foxy /usr/bin/cmake --build /ros_test/ros_tutorials/build/turtlesim -- -j20 -l20
[74.034s] DEBUG:colcon.colcon_core.event_handler.log_command:Invoking command in '/ros_test/ros_tutorials/build/turtlesim': CMAKE_PREFIX_PATH=/opt/ros/foxy /usr/bin/cmake --install /ros_test/ros_tutorials/build/turtlesim
[87.640s] Level 1:colcon.colcon_core.environment:create_environment_scripts_only(turtlesim)
[87.642s] DEBUG:colcon.colcon_core.event_handler.log_command:Invoked command in '/ros_test/ros_tutorials/build/turtlesim' returned '0': CMAKE_PREFIX_PATH=/opt/ros/foxy /usr/bin/cmake --install /ros_test/ros_tutorials/build/turtlesim
[87.650s] Level 1:colcon.colcon_core.environment:checking '/ros_test/ros_tutorials/install/turtlesim' for CMake module files
[87.917s] Level 1:colcon.colcon_core.environment:checking '/ros_test/ros_tutorials/install/turtlesim' for CMake config files
[88.324s] Level 1:colcon.colcon_core.shell:create_environment_hook('turtlesim', 'cmake_prefix_path')
[88.325s] INFO:colcon.colcon_core.shell:Creating environment hook '/ros_test/ros_tutorials/install/turtlesim/share/turtlesim/hook/cmake_prefix_path.ps1'
[88.334s] INFO:colcon.colcon_core.shell:Creating environment descriptor '/ros_test/ros_tutorials/install/turtlesim/share/turtlesim/hook/cmake_prefix_path.dsv'
[88.373s] INFO:colcon.colcon_core.shell:Creating environment hook '/ros_test/ros_tutorials/install/turtlesim/share/turtlesim/hook/cmake_prefix_path.sh'
[88.407s] Level 1:colcon.colcon_core.environment:checking '/ros_test/ros_tutorials/install/turtlesim/lib'
[88.416s] Level 1:colcon.colcon_core.shell:create_environment_hook('turtlesim', 'ld_library_path_lib')
[88.417s] INFO:colcon.colcon_core.shell:Creating environment hook '/ros_test/ros_tutorials/install/turtlesim/share/turtlesim/hook/ld_library_path_lib.ps1'
[88.434s] INFO:colcon.colcon_core.shell:Creating environment descriptor '/ros_test/ros_tutorials/install/turtlesim/share/turtlesim/hook/ld_library_path_lib.dsv'
[88.443s] INFO:colcon.colcon_core.shell:Creating environment hook '/ros_test/ros_tutorials/install/turtlesim/share/turtlesim/hook/ld_library_path_lib.sh'
[88.455s] Level 1:colcon.colcon_core.environment:checking '/ros_test/ros_tutorials/install/turtlesim/bin'
[88.471s] Level 1:colcon.colcon_core.environment:checking '/ros_test/ros_tutorials/install/turtlesim/lib/pkgconfig/turtlesim.pc'
[88.475s] Level 1:colcon.colcon_core.environment:checking '/ros_test/ros_tutorials/install/turtlesim/lib/python3.8/site-packages'
[88.478s] Level 1:colcon.colcon_core.shell:create_environment_hook('turtlesim', 'pythonpath')
[88.480s] INFO:colcon.colcon_core.shell:Creating environment hook '/ros_test/ros_tutorials/install/turtlesim/share/turtlesim/hook/pythonpath.ps1'
[88.494s] INFO:colcon.colcon_core.shell:Creating environment descriptor '/ros_test/ros_tutorials/install/turtlesim/share/turtlesim/hook/pythonpath.dsv'
[88.606s] INFO:colcon.colcon_core.shell:Creating environment hook '/ros_test/ros_tutorials/install/turtlesim/share/turtlesim/hook/pythonpath.sh'
[88.649s] Level 1:colcon.colcon_core.environment:checking '/ros_test/ros_tutorials/install/turtlesim/bin'
[88.653s] INFO:colcon.colcon_core.shell:Creating package script '/ros_test/ros_tutorials/install/turtlesim/share/turtlesim/package.ps1'
[88.678s] INFO:colcon.colcon_core.shell:Creating package descriptor '/ros_test/ros_tutorials/install/turtlesim/share/turtlesim/package.dsv'
[88.691s] INFO:colcon.colcon_core.shell:Creating package script '/ros_test/ros_tutorials/install/turtlesim/share/turtlesim/package.sh'
[88.717s] INFO:colcon.colcon_core.shell:Creating package script '/ros_test/ros_tutorials/install/turtlesim/share/turtlesim/package.bash'
[88.728s] INFO:colcon.colcon_core.shell:Creating package script '/ros_test/ros_tutorials/install/turtlesim/share/turtlesim/package.zsh'
[88.752s] Level 1:colcon.colcon_core.environment:create_file_with_runtime_dependencies(/ros_test/ros_tutorials/install/turtlesim/share/colcon-core/packages/turtlesim)
[88.972s] Level 1:colcon.colcon_core.environment:create_environment_scripts_only(turtlesim)
[88.974s] Level 1:colcon.colcon_core.environment:checking '/ros_test/ros_tutorials/install/turtlesim' for CMake module files
[89.149s] Level 1:colcon.colcon_core.environment:checking '/ros_test/ros_tutorials/install/turtlesim' for CMake config files
[89.807s] Level 1:colcon.colcon_core.shell:create_environment_hook('turtlesim', 'cmake_prefix_path')
[89.808s] INFO:colcon.colcon_core.shell:Creating environment hook '/ros_test/ros_tutorials/install/turtlesim/share/turtlesim/hook/cmake_prefix_path.ps1'
[89.816s] INFO:colcon.colcon_core.shell:Creating environment descriptor '/ros_test/ros_tutorials/install/turtlesim/share/turtlesim/hook/cmake_prefix_path.dsv'
[89.826s] INFO:colcon.colcon_core.shell:Creating environment hook '/ros_test/ros_tutorials/install/turtlesim/share/turtlesim/hook/cmake_prefix_path.sh'
[89.841s] Level 1:colcon.colcon_core.environment:checking '/ros_test/ros_tutorials/install/turtlesim/lib'
[89.844s] Level 1:colcon.colcon_core.shell:create_environment_hook('turtlesim', 'ld_library_path_lib')
[89.845s] INFO:colcon.colcon_core.shell:Creating environment hook '/ros_test/ros_tutorials/install/turtlesim/share/turtlesim/hook/ld_library_path_lib.ps1'
[89.856s] INFO:colcon.colcon_core.shell:Creating environment descriptor '/ros_test/ros_tutorials/install/turtlesim/share/turtlesim/hook/ld_library_path_lib.dsv'
[89.864s] INFO:colcon.colcon_core.shell:Creating environment hook '/ros_test/ros_tutorials/install/turtlesim/share/turtlesim/hook/ld_library_path_lib.sh'
[89.873s] Level 1:colcon.colcon_core.environment:checking '/ros_test/ros_tutorials/install/turtlesim/bin'
[89.874s] Level 1:colcon.colcon_core.environment:checking '/ros_test/ros_tutorials/install/turtlesim/lib/pkgconfig/turtlesim.pc'
[89.875s] Level 1:colcon.colcon_core.environment:checking '/ros_test/ros_tutorials/install/turtlesim/lib/python3.8/site-packages'
[89.877s] Level 1:colcon.colcon_core.shell:create_environment_hook('turtlesim', 'pythonpath')
[89.878s] INFO:colcon.colcon_core.shell:Creating environment hook '/ros_test/ros_tutorials/install/turtlesim/share/turtlesim/hook/pythonpath.ps1'
[89.888s] INFO:colcon.colcon_core.shell:Creating environment descriptor '/ros_test/ros_tutorials/install/turtlesim/share/turtlesim/hook/pythonpath.dsv'
[89.898s] INFO:colcon.colcon_core.shell:Creating environment hook '/ros_test/ros_tutorials/install/turtlesim/share/turtlesim/hook/pythonpath.sh'
[89.906s] Level 1:colcon.colcon_core.environment:checking '/ros_test/ros_tutorials/install/turtlesim/bin'
[89.908s] INFO:colcon.colcon_core.shell:Creating package script '/ros_test/ros_tutorials/install/turtlesim/share/turtlesim/package.ps1'
[89.916s] INFO:colcon.colcon_core.shell:Creating package descriptor '/ros_test/ros_tutorials/install/turtlesim/share/turtlesim/package.dsv'
[89.934s] INFO:colcon.colcon_core.shell:Creating package script '/ros_test/ros_tutorials/install/turtlesim/share/turtlesim/package.sh'
[89.944s] INFO:colcon.colcon_core.shell:Creating package script '/ros_test/ros_tutorials/install/turtlesim/share/turtlesim/package.bash'
[89.975s] INFO:colcon.colcon_core.shell:Creating package script '/ros_test/ros_tutorials/install/turtlesim/share/turtlesim/package.zsh'
[89.998s] Level 1:colcon.colcon_core.environment:create_file_with_runtime_dependencies(/ros_test/ros_tutorials/install/turtlesim/share/colcon-core/packages/turtlesim)
[90.009s] DEBUG:colcon.colcon_parallel_executor.executor.parallel:closing loop
[90.010s] DEBUG:colcon.colcon_parallel_executor.executor.parallel:loop closed
[90.010s] DEBUG:colcon.colcon_parallel_executor.executor.parallel:run_until_complete finished with '0'
[90.010s] DEBUG:colcon.colcon_core.event_reactor:joining thread
[90.061s] INFO:colcon.colcon_core.plugin_system:Skipping extension 'colcon_notification.desktop_notification.notify_send': Could not find 'notify-send'
[90.064s] INFO:colcon.colcon_core.plugin_system:Skipping extension 'colcon_notification.desktop_notification.terminal_notifier': Not used on non-Darwin systems
[90.064s] INFO:colcon.colcon_core.plugin_system:Skipping extension 'colcon_notification.desktop_notification.win32': Not used on non-Windows systems
[90.067s] INFO:colcon.colcon_notification.desktop_notification:Sending desktop notification using 'notify2'
[90.071s] DEBUG:colcon.colcon_notification.desktop_notification.notify2:Failed to initialize notify2: org.freedesktop.DBus.Error.Spawn.ExecFailed: /usr/bin/dbus-launch terminated abnormally without any error message
[90.071s] DEBUG:colcon.colcon_core.event_reactor:joined thread
[90.073s] INFO:colcon.colcon_core.shell:Creating prefix script '/ros_test/ros_tutorials/install/local_setup.ps1'
[90.079s] INFO:colcon.colcon_core.shell:Creating prefix util module '/ros_test/ros_tutorials/install/_local_setup_util_ps1.py'
[90.085s] INFO:colcon.colcon_core.shell:Creating prefix chain script '/ros_test/ros_tutorials/install/setup.ps1'
[90.114s] INFO:colcon.colcon_core.shell:Creating prefix script '/ros_test/ros_tutorials/install/local_setup.sh'
[90.135s] INFO:colcon.colcon_core.shell:Creating prefix util module '/ros_test/ros_tutorials/install/_local_setup_util_sh.py'
[90.166s] INFO:colcon.colcon_core.shell:Creating prefix chain script '/ros_test/ros_tutorials/install/setup.sh'
[90.177s] INFO:colcon.colcon_core.shell:Creating prefix script '/ros_test/ros_tutorials/install/local_setup.bash'
[90.184s] INFO:colcon.colcon_core.shell:Creating prefix chain script '/ros_test/ros_tutorials/install/setup.bash'
[90.217s] INFO:colcon.colcon_core.shell:Creating prefix script '/ros_test/ros_tutorials/install/local_setup.zsh'
[90.225s] INFO:colcon.colcon_core.shell:Creating prefix chain script '/ros_test/ros_tutorials/install/setup.zsh'
